[ 2016-03-04T09:39:37+08:00 ] 192.168.0.93 /install.php/CheckEnv/Index.html
INFO: [ app_init ] --START--
INFO: Run Behavior\BuildLiteBehavior [ RunTime:0.000000s ]
INFO: [ app_init ] --END-- [ RunTime:0.000000s ]
ERR: 无法加载模块:CheckEnv

[ 2016-03-04T09:40:37+08:00 ] 192.168.0.93 /install.php/CheckEnv/Index.html
INFO: [ app_init ] --START--
INFO: Run Behavior\BuildLiteBehavior [ RunTime:0.000000s ]
INFO: [ app_init ] --END-- [ RunTime:0.000000s ]
ERR: 无法加载模块:CheckEnv

[ 2016-03-04T09:40:50+08:00 ] 192.168.0.93 /install.php/CheckEnv/Index.html
INFO: [ app_init ] --START--
INFO: Run Behavior\BuildLiteBehavior [ RunTime:0.000000s ]
INFO: [ app_init ] --END-- [ RunTime:0.000000s ]
ERR: 无法加载模块:CheckEnv

[ 2016-03-04T09:41:35+08:00 ] 192.168.0.93 /install.php/CheckEnv/Index.html
INFO: [ app_init ] --START--
INFO: Run Behavior\BuildLiteBehavior [ RunTime:0.000000s ]
INFO: [ app_init ] --END-- [ RunTime:0.000000s ]
ERR: 无法加载模块:CheckEnv

[ 2016-03-04T09:43:03+08:00 ] 192.168.0.93 /install.php/CheckEnv/Index.html
INFO: [ app_init ] --START--
INFO: Run Behavior\BuildLiteBehavior [ RunTime:0.000000s ]
INFO: [ app_init ] --END-- [ RunTime:0.000000s ]
ERR: 无法加载模块:CheckEnv

[ 2016-03-04T09:44:55+08:00 ] 192.168.0.93 /install.php/CheckEnv/Index.html
INFO: [ app_init ] --START--
INFO: Run Behavior\BuildLiteBehavior [ RunTime:0.000000s ]
INFO: [ app_init ] --END-- [ RunTime:0.000000s ]
ERR: 无法加载模块:CheckEnv

[ 2016-03-04T09:46:50+08:00 ] 192.168.0.93 /install.php/CheckEnv/Index.html
INFO: [ app_init ] --START--
INFO: Run Behavior\BuildLiteBehavior [ RunTime:0.000000s ]
INFO: [ app_init ] --END-- [ RunTime:0.001000s ]
ERR: 无法加载模块:CheckEnv

[ 2016-03-04T09:46:59+08:00 ] 192.168.0.93 /install.php/CheckEnv/Index.html
INFO: [ app_init ] --START--
INFO: Run Behavior\BuildLiteBehavior [ RunTime:0.000000s ]
INFO: [ app_init ] --END-- [ RunTime:0.001000s ]
ERR: 无法加载模块:CheckEnv

