[ 2016-03-31T15:58:57+08:00 ] ::1 /weixin/admin.php/
NOTIC: [2] mkdir(): File exists C:\wamp\www\weixin\ThinkPHP\Library\Think\Build.class.php 第 120 行.
INFO: [ app_init ] --START--
INFO: Run Behavior\BuildLiteBehavior [ RunTime:0.000000s ]
INFO: [ app_init ] --END-- [ RunTime:0.000000s ]
INFO: [ app_begin ] --START--
INFO: Run Behavior\ReadHtmlCacheBehavior [ RunTime:0.001000s ]
INFO: [ app_begin ] --END-- [ RunTime:0.001000s ]
INFO: [ view_parse ] --START--
INFO: [ template_filter ] --START--
INFO: Run Behavior\ContentReplaceBehavior [ RunTime:0.000000s ]
INFO: [ template_filter ] --END-- [ RunTime:0.001000s ]
INFO: Run Behavior\ParseTemplateBehavior [ RunTime:0.012001s ]
INFO: [ view_parse ] --END-- [ RunTime:0.012001s ]
INFO: [ view_filter ] --START--
INFO: Run Behavior\WriteHtmlCacheBehavior [ RunTime:0.001000s ]
INFO: [ view_filter ] --END-- [ RunTime:0.001000s ]
INFO: [ app_end ] --START--
INFO: Run Behavior\ShowPageTraceBehavior [ RunTime:0.001000s ]
INFO: [ app_end ] --END-- [ RunTime:0.001000s ]

[ 2016-03-31T15:58:58+08:00 ] ::1 /weixin/admin.php/Home/Index/Verify.xhtml
INFO: [ app_init ] --START--
INFO: Run Behavior\BuildLiteBehavior [ RunTime:0.000000s ]
INFO: [ app_init ] --END-- [ RunTime:0.001000s ]
INFO: [ app_begin ] --START--
INFO: Run Behavior\ReadHtmlCacheBehavior [ RunTime:0.001000s ]
INFO: [ app_begin ] --END-- [ RunTime:0.002000s ]
INFO: [ app_end ] --START--
INFO: Run Behavior\ShowPageTraceBehavior [ RunTime:0.001000s ]
INFO: [ app_end ] --END-- [ RunTime:0.001000s ]

[ 2016-03-31T15:59:44+08:00 ] ::1 /weixin/admin.php
INFO: [ app_init ] --START--
INFO: Run Behavior\BuildLiteBehavior [ RunTime:0.000000s ]
INFO: [ app_init ] --END-- [ RunTime:0.000000s ]
INFO: [ app_begin ] --START--
INFO: Run Behavior\ReadHtmlCacheBehavior [ RunTime:0.001000s ]
INFO: [ app_begin ] --END-- [ RunTime:0.002000s ]
INFO: [ view_parse ] --START--
INFO: [ template_filter ] --START--
INFO: Run Behavior\ContentReplaceBehavior [ RunTime:0.000000s ]
INFO: [ template_filter ] --END-- [ RunTime:0.001000s ]
INFO: Run Behavior\ParseTemplateBehavior [ RunTime:0.018001s ]
INFO: [ view_parse ] --END-- [ RunTime:0.018001s ]
INFO: [ view_filter ] --START--
INFO: Run Behavior\WriteHtmlCacheBehavior [ RunTime:0.001000s ]
INFO: [ view_filter ] --END-- [ RunTime:0.001000s ]
INFO: [ app_end ] --START--
INFO: Run Behavior\ShowPageTraceBehavior [ RunTime:0.001000s ]
INFO: [ app_end ] --END-- [ RunTime:0.001000s ]

[ 2016-03-31T15:59:44+08:00 ] ::1 /weixin/admin.php/Home/Index/Verify.xhtml
INFO: [ app_init ] --START--
INFO: Run Behavior\BuildLiteBehavior [ RunTime:0.000000s ]
INFO: [ app_init ] --END-- [ RunTime:0.000000s ]
INFO: [ app_begin ] --START--
INFO: Run Behavior\ReadHtmlCacheBehavior [ RunTime:0.001000s ]
INFO: [ app_begin ] --END-- [ RunTime:0.001000s ]
INFO: [ app_end ] --START--
INFO: Run Behavior\ShowPageTraceBehavior [ RunTime:0.001000s ]
INFO: [ app_end ] --END-- [ RunTime:0.001000s ]

[ 2016-03-31T16:00:04+08:00 ] ::1 /weixin/admin.php/Home/Index/CheckLoginfo.xhtml
INFO: [ app_init ] --START--
INFO: Run Behavior\BuildLiteBehavior [ RunTime:0.000000s ]
INFO: [ app_init ] --END-- [ RunTime:0.001000s ]
INFO: [ app_begin ] --START--
INFO: Run Behavior\ReadHtmlCacheBehavior [ RunTime:0.001000s ]
INFO: [ app_begin ] --END-- [ RunTime:0.001000s ]
SQL: SHOW COLUMNS FROM `zytm_manage_user` [ RunTime:0.4300s ]
SQL: SELECT * FROM `zytm_manage_user` WHERE ( manage_email = '0@qq.com' )  [ RunTime:0.0880s ]
INFO: [ view_parse ] --START--
INFO: [ template_filter ] --START--
INFO: Run Behavior\ContentReplaceBehavior [ RunTime:0.000000s ]
INFO: [ template_filter ] --END-- [ RunTime:0.000000s ]
NOTIC: [8] Use of undefined constant HTTP_HOST - assumed 'HTTP_HOST' C:\wamp\www\weixin\Application\Cache\Runtime\admin\Cache\Home\193d4c108a94ae3328009971a33392e2.php 第 65 行.
INFO: Run Behavior\ParseTemplateBehavior [ RunTime:0.032002s ]
INFO: [ view_parse ] --END-- [ RunTime:0.032002s ]
INFO: [ view_filter ] --START--
INFO: Run Behavior\WriteHtmlCacheBehavior [ RunTime:0.001000s ]
INFO: [ view_filter ] --END-- [ RunTime:0.002000s ]
INFO: [ app_end ] --START--
INFO: Run Behavior\ShowPageTraceBehavior [ RunTime:0.001000s ]
INFO: [ app_end ] --END-- [ RunTime:0.001000s ]

[ 2016-03-31T16:00:05+08:00 ] ::1 /weixin/admin.php/Home/Home.xhtml
INFO: [ app_init ] --START--
INFO: Run Behavior\BuildLiteBehavior [ RunTime:0.000000s ]
INFO: [ app_init ] --END-- [ RunTime:0.000000s ]
INFO: [ app_begin ] --START--
INFO: Run Behavior\ReadHtmlCacheBehavior [ RunTime:0.000000s ]
INFO: [ app_begin ] --END-- [ RunTime:0.003000s ]
SQL: SHOW COLUMNS FROM `zytm_manage_user` [ RunTime:0.0040s ]
SQL: SELECT * FROM `zytm_manage_user` WHERE ( manage_email = '0@qq.com' )  [ RunTime:0.0000s ]
SQL: SHOW COLUMNS FROM `zytm_product_menu` [ RunTime:0.0040s ]
SQL: SELECT * FROM `zytm_product_menu`  [ RunTime:0.0010s ]
INFO: [ view_parse ] --START--
INFO: [ template_filter ] --START--
INFO: Run Behavior\ContentReplaceBehavior [ RunTime:0.000000s ]
INFO: [ template_filter ] --END-- [ RunTime:0.001000s ]
NOTIC: [8] Undefined variable: main_menu C:\wamp\www\weixin\Application\Cache\Runtime\admin\Cache\Home\3a014d0b5884f443ca0faf26a5820806.php 第 39 行.
INFO: Run Behavior\ParseTemplateBehavior [ RunTime:0.135008s ]
INFO: [ view_parse ] --END-- [ RunTime:0.136008s ]
INFO: [ view_filter ] --START--
INFO: Run Behavior\WriteHtmlCacheBehavior [ RunTime:0.000000s ]
INFO: [ view_filter ] --END-- [ RunTime:0.000000s ]
INFO: [ app_end ] --START--
INFO: Run Behavior\ShowPageTraceBehavior [ RunTime:0.001000s ]
INFO: [ app_end ] --END-- [ RunTime:0.001000s ]

[ 2016-03-31T16:01:18+08:00 ] ::1 /weixin/admin.php/Home/Goods/AddProduct.xhtml
INFO: [ app_init ] --START--
INFO: Run Behavior\BuildLiteBehavior [ RunTime:0.000000s ]
INFO: [ app_init ] --END-- [ RunTime:0.000000s ]
INFO: [ app_begin ] --START--
INFO: Run Behavior\ReadHtmlCacheBehavior [ RunTime:0.001000s ]
INFO: [ app_begin ] --END-- [ RunTime:0.001000s ]
SQL: SHOW COLUMNS FROM `zytm_manage_user` [ RunTime:0.0140s ]
SQL: SELECT * FROM `zytm_manage_user` WHERE ( manage_email = '0@qq.com' )  [ RunTime:0.0000s ]
SQL: SHOW COLUMNS FROM `zytm_product_menu` [ RunTime:0.0050s ]
SQL: SELECT * FROM `zytm_product_menu`  [ RunTime:0.0000s ]
SQL: SELECT * FROM `zytm_product_menu`  [ RunTime:0.0000s ]
INFO: [ view_parse ] --START--
INFO: [ template_filter ] --START--
INFO: Run Behavior\ContentReplaceBehavior [ RunTime:0.000000s ]
INFO: [ template_filter ] --END-- [ RunTime:0.001000s ]
NOTIC: [8] Undefined variable: main_menu C:\wamp\www\weixin\Application\Cache\Runtime\admin\Cache\Home\e62cd25dcb0c8350b7e06eed586445a3.php 第 39 行.
INFO: Run Behavior\ParseTemplateBehavior [ RunTime:0.040002s ]
INFO: [ view_parse ] --END-- [ RunTime:0.041002s ]
INFO: [ view_filter ] --START--
INFO: Run Behavior\WriteHtmlCacheBehavior [ RunTime:0.000000s ]
INFO: [ view_filter ] --END-- [ RunTime:0.001000s ]
INFO: [ app_end ] --START--
INFO: Run Behavior\ShowPageTraceBehavior [ RunTime:0.001000s ]
INFO: [ app_end ] --END-- [ RunTime:0.001000s ]

[ 2016-03-31T16:01:19+08:00 ] ::1 /weixin/admin.php/Home/Goods/AddProductClass.xhtml
INFO: [ app_init ] --START--
INFO: Run Behavior\BuildLiteBehavior [ RunTime:0.000000s ]
INFO: [ app_init ] --END-- [ RunTime:0.000000s ]
INFO: [ app_begin ] --START--
INFO: Run Behavior\ReadHtmlCacheBehavior [ RunTime:0.000000s ]
INFO: [ app_begin ] --END-- [ RunTime:0.001000s ]
SQL: SHOW COLUMNS FROM `zytm_manage_user` [ RunTime:0.0040s ]
SQL: SELECT * FROM `zytm_manage_user` WHERE ( manage_email = '0@qq.com' )  [ RunTime:0.0000s ]
SQL: SHOW COLUMNS FROM `zytm_product_menu` [ RunTime:0.0030s ]
SQL: SELECT * FROM `zytm_product_menu`  [ RunTime:0.0010s ]
INFO: [ view_parse ] --START--
INFO: [ template_filter ] --START--
INFO: Run Behavior\ContentReplaceBehavior [ RunTime:0.000000s ]
INFO: [ template_filter ] --END-- [ RunTime:0.000000s ]
NOTIC: [8] Undefined variable: main_menu C:\wamp\www\weixin\Application\Cache\Runtime\admin\Cache\Home\988865a2455b73f2496da66346c19fdf.php 第 39 行.
INFO: Run Behavior\ParseTemplateBehavior [ RunTime:0.039002s ]
INFO: [ view_parse ] --END-- [ RunTime:0.040002s ]
INFO: [ view_filter ] --START--
INFO: Run Behavior\WriteHtmlCacheBehavior [ RunTime:0.000000s ]
INFO: [ view_filter ] --END-- [ RunTime:0.001001s ]
INFO: [ app_end ] --START--
INFO: Run Behavior\ShowPageTraceBehavior [ RunTime:0.001000s ]
INFO: [ app_end ] --END-- [ RunTime:0.001000s ]

[ 2016-03-31T16:01:20+08:00 ] ::1 /weixin/admin.php/Home/Goods/EditProduct.xhtml
INFO: [ app_init ] --START--
INFO: Run Behavior\BuildLiteBehavior [ RunTime:0.000000s ]
INFO: [ app_init ] --END-- [ RunTime:0.001000s ]
INFO: [ app_begin ] --START--
INFO: Run Behavior\ReadHtmlCacheBehavior [ RunTime:0.001000s ]
INFO: [ app_begin ] --END-- [ RunTime:0.001000s ]
SQL: SHOW COLUMNS FROM `zytm_manage_user` [ RunTime:0.0030s ]
SQL: SELECT * FROM `zytm_manage_user` WHERE ( manage_email = '0@qq.com' )  [ RunTime:0.0010s ]
SQL: SHOW COLUMNS FROM `zytm_product_menu` [ RunTime:0.0060s ]
SQL: SELECT * FROM `zytm_product_menu`  [ RunTime:0.0000s ]
SQL: SELECT * FROM `zytm_product_menu`  [ RunTime:0.0000s ]
INFO: [ view_parse ] --START--
INFO: [ template_filter ] --START--
INFO: Run Behavior\ContentReplaceBehavior [ RunTime:0.001000s ]
INFO: [ template_filter ] --END-- [ RunTime:0.001000s ]
NOTIC: [8] Undefined variable: main_menu C:\wamp\www\weixin\Application\Cache\Runtime\admin\Cache\Home\ca20468e612fe99e108b7dab787abd14.php 第 39 行.
INFO: Run Behavior\ParseTemplateBehavior [ RunTime:0.044002s ]
INFO: [ view_parse ] --END-- [ RunTime:0.044002s ]
INFO: [ view_filter ] --START--
INFO: Run Behavior\WriteHtmlCacheBehavior [ RunTime:0.000000s ]
INFO: [ view_filter ] --END-- [ RunTime:0.001000s ]
INFO: [ app_end ] --START--
INFO: Run Behavior\ShowPageTraceBehavior [ RunTime:0.000000s ]
INFO: [ app_end ] --END-- [ RunTime:0.000000s ]

[ 2016-03-31T16:01:21+08:00 ] ::1 /weixin/admin.php/Home/User/index.xhtml
INFO: [ app_init ] --START--
INFO: Run Behavior\BuildLiteBehavior [ RunTime:0.001000s ]
INFO: [ app_init ] --END-- [ RunTime:0.001000s ]
INFO: [ app_begin ] --START--
INFO: Run Behavior\ReadHtmlCacheBehavior [ RunTime:0.001000s ]
INFO: [ app_begin ] --END-- [ RunTime:0.001000s ]
SQL: SHOW COLUMNS FROM `zytm_manage_user` [ RunTime:0.0030s ]
SQL: SELECT * FROM `zytm_manage_user` WHERE ( manage_email = '0@qq.com' )  [ RunTime:0.0000s ]
SQL: SHOW COLUMNS FROM `zytm_product_menu` [ RunTime:0.0030s ]
SQL: SELECT * FROM `zytm_product_menu`  [ RunTime:0.0000s ]
SQL: SELECT * FROM `zytm_manage_user`  [ RunTime:0.0000s ]
INFO: [ view_parse ] --START--
INFO: [ template_filter ] --START--
INFO: Run Behavior\ContentReplaceBehavior [ RunTime:0.001000s ]
INFO: [ template_filter ] --END-- [ RunTime:0.001000s ]
NOTIC: [8] Undefined variable: main_menu C:\wamp\www\weixin\Application\Cache\Runtime\admin\Cache\Home\0925b013f7f1fb75fae54e3400ad75e0.php 第 39 行.
INFO: Run Behavior\ParseTemplateBehavior [ RunTime:0.044002s ]
INFO: [ view_parse ] --END-- [ RunTime:0.044002s ]
INFO: [ view_filter ] --START--
INFO: Run Behavior\WriteHtmlCacheBehavior [ RunTime:0.001000s ]
INFO: [ view_filter ] --END-- [ RunTime:0.001000s ]
INFO: [ app_end ] --START--
INFO: Run Behavior\ShowPageTraceBehavior [ RunTime:0.001001s ]
INFO: [ app_end ] --END-- [ RunTime:0.001001s ]

[ 2016-03-31T16:01:22+08:00 ] ::1 /weixin/admin.php/Home/Goods/CheckProductInfo.xhtml
INFO: [ app_init ] --START--
INFO: Run Behavior\BuildLiteBehavior [ RunTime:0.001000s ]
INFO: [ app_init ] --END-- [ RunTime:0.001000s ]
INFO: [ app_begin ] --START--
INFO: Run Behavior\ReadHtmlCacheBehavior [ RunTime:0.001001s ]
INFO: [ app_begin ] --END-- [ RunTime:0.001001s ]
SQL: SHOW COLUMNS FROM `zytm_manage_user` [ RunTime:0.0030s ]
SQL: SELECT * FROM `zytm_manage_user` WHERE ( manage_email = '0@qq.com' )  [ RunTime:0.0010s ]
SQL: SHOW COLUMNS FROM `zytm_product_menu` [ RunTime:0.0030s ]
SQL: SELECT * FROM `zytm_product_menu`  [ RunTime:0.0000s ]
SQL: SHOW COLUMNS FROM `zytm_goods` [ RunTime:0.0170s ]
NOTIC: [2] Missing argument 1 for Think\Model::where(), called in C:\wamp\www\weixin\Application\admin\Home\Model\GoodsModel.class.php on line 11 and defined C:\wamp\www\weixin\ThinkPHP\Library\Think\Model.class.php 第 2002 行.
NOTIC: [8] Undefined variable: where C:\wamp\www\weixin\ThinkPHP\Library\Think\Model.class.php 第 2011 行.
NOTIC: [8] Undefined variable: where C:\wamp\www\weixin\ThinkPHP\Library\Think\Model.class.php 第 2014 行.
NOTIC: [8] Undefined variable: where C:\wamp\www\weixin\ThinkPHP\Library\Think\Model.class.php 第 2022 行.
SQL: SELECT COUNT(*) AS tp_count FROM `zytm_goods` LIMIT 1   [ RunTime:0.0130s ]
SQL: SELECT * FROM `zytm_goods` LIMIT 0,10   [ RunTime:0.0000s ]
INFO: [ view_parse ] --START--
INFO: [ template_filter ] --START--
INFO: Run Behavior\ContentReplaceBehavior [ RunTime:0.000000s ]
INFO: [ template_filter ] --END-- [ RunTime:0.001001s ]
NOTIC: [8] Undefined variable: main_menu C:\wamp\www\weixin\Application\Cache\Runtime\admin\Cache\Home\2a25cc0ba7d50ce377523e02ca8f9718.php 第 39 行.
INFO: Run Behavior\ParseTemplateBehavior [ RunTime:0.047003s ]
INFO: [ view_parse ] --END-- [ RunTime:0.047003s ]
INFO: [ view_filter ] --START--
INFO: Run Behavior\WriteHtmlCacheBehavior [ RunTime:0.000000s ]
INFO: [ view_filter ] --END-- [ RunTime:0.001000s ]
INFO: [ app_end ] --START--
INFO: Run Behavior\ShowPageTraceBehavior [ RunTime:0.001000s ]
INFO: [ app_end ] --END-- [ RunTime:0.001000s ]

[ 2016-03-31T16:01:22+08:00 ] ::1 /weixin/admin.php/Home/User/index.xhtml
INFO: [ app_init ] --START--
INFO: Run Behavior\BuildLiteBehavior [ RunTime:0.000000s ]
INFO: [ app_init ] --END-- [ RunTime:0.000000s ]
INFO: [ app_begin ] --START--
INFO: Run Behavior\ReadHtmlCacheBehavior [ RunTime:0.000000s ]
INFO: [ app_begin ] --END-- [ RunTime:0.001000s ]
SQL: SHOW COLUMNS FROM `zytm_manage_user` [ RunTime:0.0040s ]
SQL: SELECT * FROM `zytm_manage_user` WHERE ( manage_email = '0@qq.com' )  [ RunTime:0.0000s ]
SQL: SHOW COLUMNS FROM `zytm_product_menu` [ RunTime:0.0020s ]
SQL: SELECT * FROM `zytm_product_menu`  [ RunTime:0.0000s ]
SQL: SELECT * FROM `zytm_manage_user`  [ RunTime:0.0010s ]
INFO: [ view_parse ] --START--
INFO: [ template_filter ] --START--
INFO: Run Behavior\ContentReplaceBehavior [ RunTime:0.000000s ]
INFO: [ template_filter ] --END-- [ RunTime:0.000000s ]
NOTIC: [8] Undefined variable: main_menu C:\wamp\www\weixin\Application\Cache\Runtime\admin\Cache\Home\0925b013f7f1fb75fae54e3400ad75e0.php 第 39 行.
INFO: Run Behavior\ParseTemplateBehavior [ RunTime:0.031002s ]
INFO: [ view_parse ] --END-- [ RunTime:0.032002s ]
INFO: [ view_filter ] --START--
INFO: Run Behavior\WriteHtmlCacheBehavior [ RunTime:0.000000s ]
INFO: [ view_filter ] --END-- [ RunTime:0.001000s ]
INFO: [ app_end ] --START--
INFO: Run Behavior\ShowPageTraceBehavior [ RunTime:0.004000s ]
INFO: [ app_end ] --END-- [ RunTime:0.004000s ]

[ 2016-03-31T16:01:24+08:00 ] ::1 /weixin/admin.php/Home/Goods/EditProduct.xhtml
INFO: [ app_init ] --START--
INFO: Run Behavior\BuildLiteBehavior [ RunTime:0.000000s ]
INFO: [ app_init ] --END-- [ RunTime:0.001000s ]
INFO: [ app_begin ] --START--
INFO: Run Behavior\ReadHtmlCacheBehavior [ RunTime:0.000000s ]
INFO: [ app_begin ] --END-- [ RunTime:0.000000s ]
SQL: SHOW COLUMNS FROM `zytm_manage_user` [ RunTime:0.0030s ]
SQL: SELECT * FROM `zytm_manage_user` WHERE ( manage_email = '0@qq.com' )  [ RunTime:0.0000s ]
SQL: SHOW COLUMNS FROM `zytm_product_menu` [ RunTime:0.0030s ]
SQL: SELECT * FROM `zytm_product_menu`  [ RunTime:0.0000s ]
SQL: SELECT * FROM `zytm_product_menu`  [ RunTime:0.0000s ]
INFO: [ view_parse ] --START--
INFO: [ template_filter ] --START--
INFO: Run Behavior\ContentReplaceBehavior [ RunTime:0.001000s ]
INFO: [ template_filter ] --END-- [ RunTime:0.001000s ]
NOTIC: [8] Undefined variable: main_menu C:\wamp\www\weixin\Application\Cache\Runtime\admin\Cache\Home\ca20468e612fe99e108b7dab787abd14.php 第 39 行.
INFO: Run Behavior\ParseTemplateBehavior [ RunTime:0.030002s ]
INFO: [ view_parse ] --END-- [ RunTime:0.031002s ]
INFO: [ view_filter ] --START--
INFO: Run Behavior\WriteHtmlCacheBehavior [ RunTime:0.000000s ]
INFO: [ view_filter ] --END-- [ RunTime:0.000000s ]
INFO: [ app_end ] --START--
INFO: Run Behavior\ShowPageTraceBehavior [ RunTime:0.002000s ]
INFO: [ app_end ] --END-- [ RunTime:0.002000s ]

[ 2016-03-31T16:01:25+08:00 ] ::1 /weixin/admin.php/Home/Goods/AddProductClass.xhtml
INFO: [ app_init ] --START--
INFO: Run Behavior\BuildLiteBehavior [ RunTime:0.000000s ]
INFO: [ app_init ] --END-- [ RunTime:0.000000s ]
INFO: [ app_begin ] --START--
INFO: Run Behavior\ReadHtmlCacheBehavior [ RunTime:0.001000s ]
INFO: [ app_begin ] --END-- [ RunTime:0.001000s ]
SQL: SHOW COLUMNS FROM `zytm_manage_user` [ RunTime:0.0030s ]
SQL: SELECT * FROM `zytm_manage_user` WHERE ( manage_email = '0@qq.com' )  [ RunTime:0.0010s ]
SQL: SHOW COLUMNS FROM `zytm_product_menu` [ RunTime:0.0040s ]
SQL: SELECT * FROM `zytm_product_menu`  [ RunTime:0.0010s ]
INFO: [ view_parse ] --START--
INFO: [ template_filter ] --START--
INFO: Run Behavior\ContentReplaceBehavior [ RunTime:0.000000s ]
INFO: [ template_filter ] --END-- [ RunTime:0.001000s ]
NOTIC: [8] Undefined variable: main_menu C:\wamp\www\weixin\Application\Cache\Runtime\admin\Cache\Home\988865a2455b73f2496da66346c19fdf.php 第 39 行.
INFO: Run Behavior\ParseTemplateBehavior [ RunTime:0.026001s ]
INFO: [ view_parse ] --END-- [ RunTime:0.026001s ]
INFO: [ view_filter ] --START--
INFO: Run Behavior\WriteHtmlCacheBehavior [ RunTime:0.000000s ]
INFO: [ view_filter ] --END-- [ RunTime:0.001000s ]
INFO: [ app_end ] --START--
INFO: Run Behavior\ShowPageTraceBehavior [ RunTime:0.001000s ]
INFO: [ app_end ] --END-- [ RunTime:0.001000s ]

[ 2016-03-31T16:01:26+08:00 ] ::1 /weixin/admin.php/Home/Goods/EditProduct.xhtml
INFO: [ app_init ] --START--
INFO: Run Behavior\BuildLiteBehavior [ RunTime:0.000000s ]
INFO: [ app_init ] --END-- [ RunTime:0.000000s ]
INFO: [ app_begin ] --START--
INFO: Run Behavior\ReadHtmlCacheBehavior [ RunTime:0.001000s ]
INFO: [ app_begin ] --END-- [ RunTime:0.001000s ]
SQL: SHOW COLUMNS FROM `zytm_manage_user` [ RunTime:0.0030s ]
SQL: SELECT * FROM `zytm_manage_user` WHERE ( manage_email = '0@qq.com' )  [ RunTime:0.0010s ]
SQL: SHOW COLUMNS FROM `zytm_product_menu` [ RunTime:0.0030s ]
SQL: SELECT * FROM `zytm_product_menu`  [ RunTime:0.0000s ]
SQL: SELECT * FROM `zytm_product_menu`  [ RunTime:0.0000s ]
INFO: [ view_parse ] --START--
INFO: [ template_filter ] --START--
INFO: Run Behavior\ContentReplaceBehavior [ RunTime:0.000000s ]
INFO: [ template_filter ] --END-- [ RunTime:0.001000s ]
NOTIC: [8] Undefined variable: main_menu C:\wamp\www\weixin\Application\Cache\Runtime\admin\Cache\Home\ca20468e612fe99e108b7dab787abd14.php 第 39 行.
INFO: Run Behavior\ParseTemplateBehavior [ RunTime:0.029001s ]
INFO: [ view_parse ] --END-- [ RunTime:0.029001s ]
INFO: [ view_filter ] --START--
INFO: Run Behavior\WriteHtmlCacheBehavior [ RunTime:0.000000s ]
INFO: [ view_filter ] --END-- [ RunTime:0.001000s ]
INFO: [ app_end ] --START--
INFO: Run Behavior\ShowPageTraceBehavior [ RunTime:0.000000s ]
INFO: [ app_end ] --END-- [ RunTime:0.000000s ]

[ 2016-03-31T16:01:31+08:00 ] ::1 /weixin/admin.php/Home/Goods/EditProduct.xhtml
INFO: [ app_init ] --START--
INFO: Run Behavior\BuildLiteBehavior [ RunTime:0.000000s ]
INFO: [ app_init ] --END-- [ RunTime:0.001000s ]
INFO: [ app_begin ] --START--
INFO: Run Behavior\ReadHtmlCacheBehavior [ RunTime:0.000000s ]
INFO: [ app_begin ] --END-- [ RunTime:0.001000s ]
SQL: SHOW COLUMNS FROM `zytm_manage_user` [ RunTime:0.0030s ]
SQL: SELECT * FROM `zytm_manage_user` WHERE ( manage_email = '0@qq.com' )  [ RunTime:0.0000s ]
SQL: SHOW COLUMNS FROM `zytm_product_menu` [ RunTime:0.0030s ]
SQL: SELECT * FROM `zytm_product_menu`  [ RunTime:0.0000s ]
SQL: SELECT * FROM `zytm_product_menu`  [ RunTime:0.0000s ]
INFO: [ view_parse ] --START--
INFO: [ template_filter ] --START--
INFO: Run Behavior\ContentReplaceBehavior [ RunTime:0.000000s ]
INFO: [ template_filter ] --END-- [ RunTime:0.000000s ]
NOTIC: [8] Undefined variable: main_menu C:\wamp\www\weixin\Application\Cache\Runtime\admin\Cache\Home\ca20468e612fe99e108b7dab787abd14.php 第 39 行.
INFO: Run Behavior\ParseTemplateBehavior [ RunTime:0.030002s ]
INFO: [ view_parse ] --END-- [ RunTime:0.031002s ]
INFO: [ view_filter ] --START--
INFO: Run Behavior\WriteHtmlCacheBehavior [ RunTime:0.000000s ]
INFO: [ view_filter ] --END-- [ RunTime:0.001000s ]
INFO: [ app_end ] --START--
INFO: Run Behavior\ShowPageTraceBehavior [ RunTime:0.001000s ]
INFO: [ app_end ] --END-- [ RunTime:0.001000s ]

