[ 2016-03-14T13:42:44+08:00 ] ::1 /weixin/admin.php/Home/Index/Verify.html
NOTIC: [2] mkdir(): File exists E:\wamp\www\weixin\ThinkPHP\Library\Think\Build.class.php 第 120 行.
INFO: [ app_init ] --START--
INFO: Run Behavior\BuildLiteBehavior [ RunTime:0.000000s ]
INFO: [ app_init ] --END-- [ RunTime:0.000000s ]
INFO: [ app_begin ] --START--
INFO: Run Behavior\ReadHtmlCacheBehavior [ RunTime:0.000000s ]
INFO: [ app_begin ] --END-- [ RunTime:0.000000s ]
INFO: [ app_end ] --START--
INFO: Run Behavior\ShowPageTraceBehavior [ RunTime:0.015600s ]
INFO: [ app_end ] --END-- [ RunTime:0.015600s ]

[ 2016-03-14T13:42:53+08:00 ] ::1 /weixin/admin.php/Home/Index/CheckLoginfo.html
INFO: [ app_init ] --START--
INFO: Run Behavior\BuildLiteBehavior [ RunTime:0.000000s ]
INFO: [ app_init ] --END-- [ RunTime:0.000000s ]
INFO: [ app_begin ] --START--
INFO: Run Behavior\ReadHtmlCacheBehavior [ RunTime:0.000000s ]
INFO: [ app_begin ] --END-- [ RunTime:0.000000s ]
SQL: SHOW COLUMNS FROM `zytm_manage_user` [ RunTime:0.0156s ]
SQL: SELECT * FROM `zytm_manage_user` WHERE ( manage_email = '0@qq.com' )  [ RunTime:0.0000s ]
INFO: [ view_parse ] --START--
INFO: [ template_filter ] --START--
INFO: Run Behavior\ContentReplaceBehavior [ RunTime:0.000000s ]
INFO: [ template_filter ] --END-- [ RunTime:0.000000s ]
NOTIC: [8] Use of undefined constant HTTP_HOST - assumed 'HTTP_HOST' E:\wamp\www\weixin\Application\Cache\Runtime\admin\Cache\Home\193d4c108a94ae3328009971a33392e2.php 第 65 行.
INFO: Run Behavior\ParseTemplateBehavior [ RunTime:0.031200s ]
INFO: [ view_parse ] --END-- [ RunTime:0.031200s ]
INFO: [ view_filter ] --START--
INFO: Run Behavior\WriteHtmlCacheBehavior [ RunTime:0.000000s ]
INFO: [ view_filter ] --END-- [ RunTime:0.000000s ]
INFO: [ app_end ] --START--
INFO: Run Behavior\ShowPageTraceBehavior [ RunTime:0.000000s ]
INFO: [ app_end ] --END-- [ RunTime:0.000000s ]

[ 2016-03-14T13:42:54+08:00 ] ::1 /weixin/admin.php/Home/Home.html
INFO: [ app_init ] --START--
INFO: Run Behavior\BuildLiteBehavior [ RunTime:0.000000s ]
INFO: [ app_init ] --END-- [ RunTime:0.000000s ]
INFO: [ app_begin ] --START--
INFO: Run Behavior\ReadHtmlCacheBehavior [ RunTime:0.000000s ]
INFO: [ app_begin ] --END-- [ RunTime:0.000000s ]
SQL: SHOW COLUMNS FROM `zytm_manage_user` [ RunTime:0.0000s ]
SQL: SELECT * FROM `zytm_manage_user` WHERE ( manage_email = '0d45e35ff45813080a982ec4696de128' )  [ RunTime:0.0000s ]
NOTIC: [8] Undefined offset: 0 E:\wamp\www\weixin\Application\admin\Home\Common\function.php 第 17 行.
NOTIC: [2] array_key_exists() expects parameter 2 to be array, null given E:\wamp\www\weixin\Application\admin\Home\Common\function.php 第 17 行.
NOTIC: [8] Use of undefined constant flase - assumed 'flase' E:\wamp\www\weixin\Application\admin\Home\Common\function.php 第 25 行.
INFO: [ app_end ] --START--
INFO: Run Behavior\ShowPageTraceBehavior [ RunTime:0.000000s ]
INFO: [ app_end ] --END-- [ RunTime:0.000000s ]

[ 2016-03-14T13:42:54+08:00 ] ::1 /weixin/admin.php/Home/%7B:U('Home/Index')%7D
INFO: [ app_init ] --START--
INFO: Run Behavior\BuildLiteBehavior [ RunTime:0.000000s ]
INFO: [ app_init ] --END-- [ RunTime:0.000000s ]
INFO: [ app_begin ] --START--
INFO: Run Behavior\ReadHtmlCacheBehavior [ RunTime:0.000000s ]
INFO: [ app_begin ] --END-- [ RunTime:0.000000s ]
ERR: 无法加载控制器:{:U('Home

[ 2016-03-14T13:44:39+08:00 ] ::1 /weixin/admin.php/Home/%7B:U('Home/Index')%7D
INFO: [ app_init ] --START--
INFO: Run Behavior\BuildLiteBehavior [ RunTime:0.000000s ]
INFO: [ app_init ] --END-- [ RunTime:0.000000s ]
INFO: [ app_begin ] --START--
INFO: Run Behavior\ReadHtmlCacheBehavior [ RunTime:0.000000s ]
INFO: [ app_begin ] --END-- [ RunTime:0.000000s ]
ERR: 无法加载控制器:{:U('Home

[ 2016-03-14T13:44:40+08:00 ] ::1 /weixin/admin.php/Home/%7B:U('Home/Index')%7D
INFO: [ app_init ] --START--
INFO: Run Behavior\BuildLiteBehavior [ RunTime:0.000000s ]
INFO: [ app_init ] --END-- [ RunTime:0.000000s ]
INFO: [ app_begin ] --START--
INFO: Run Behavior\ReadHtmlCacheBehavior [ RunTime:0.000000s ]
INFO: [ app_begin ] --END-- [ RunTime:0.000000s ]
ERR: 无法加载控制器:{:U('Home

[ 2016-03-14T13:44:43+08:00 ] ::1 /weixin/admin.php/Home/%7B:U('Home/Index')%7D
INFO: [ app_init ] --START--
INFO: Run Behavior\BuildLiteBehavior [ RunTime:0.000000s ]
INFO: [ app_init ] --END-- [ RunTime:0.000000s ]
INFO: [ app_begin ] --START--
INFO: Run Behavior\ReadHtmlCacheBehavior [ RunTime:0.000000s ]
INFO: [ app_begin ] --END-- [ RunTime:0.000000s ]
ERR: 无法加载控制器:{:U('Home

[ 2016-03-14T13:46:22+08:00 ] ::1 /weixin/admin.php/Home/%7B:U%28'Home/Index'%29%7D
INFO: [ app_init ] --START--
INFO: Run Behavior\BuildLiteBehavior [ RunTime:0.000000s ]
INFO: [ app_init ] --END-- [ RunTime:0.000000s ]
INFO: [ app_begin ] --START--
INFO: Run Behavior\ReadHtmlCacheBehavior [ RunTime:0.000000s ]
INFO: [ app_begin ] --END-- [ RunTime:0.000000s ]
ERR: 无法加载控制器:{:U('Home

[ 2016-03-14T13:47:02+08:00 ] ::1 /weixin/admin.php/Home/%7B:U%28'Home/Index'%29%7D
INFO: [ app_init ] --START--
INFO: Run Behavior\BuildLiteBehavior [ RunTime:0.000000s ]
INFO: [ app_init ] --END-- [ RunTime:0.000000s ]
INFO: [ app_begin ] --START--
INFO: Run Behavior\ReadHtmlCacheBehavior [ RunTime:0.000000s ]
INFO: [ app_begin ] --END-- [ RunTime:0.000000s ]
ERR: 无法加载控制器:{:U('Home

[ 2016-03-14T13:47:04+08:00 ] ::1 /weixin/admin.php/Home/%7B:U%28'Home/Index'%29%7D
INFO: [ app_init ] --START--
INFO: Run Behavior\BuildLiteBehavior [ RunTime:0.000000s ]
INFO: [ app_init ] --END-- [ RunTime:0.000000s ]
INFO: [ app_begin ] --START--
INFO: Run Behavior\ReadHtmlCacheBehavior [ RunTime:0.000000s ]
INFO: [ app_begin ] --END-- [ RunTime:0.000000s ]
ERR: 无法加载控制器:{:U('Home

[ 2016-03-14T13:47:13+08:00 ] ::1 /weixin/admin.php/Home/%7B:U%28'Home/Index'%29%7D
INFO: [ app_init ] --START--
INFO: Run Behavior\BuildLiteBehavior [ RunTime:0.000000s ]
INFO: [ app_init ] --END-- [ RunTime:0.000000s ]
INFO: [ app_begin ] --START--
INFO: Run Behavior\ReadHtmlCacheBehavior [ RunTime:0.000000s ]
INFO: [ app_begin ] --END-- [ RunTime:0.000000s ]
ERR: 无法加载控制器:{:U('Home

[ 2016-03-14T13:48:38+08:00 ] ::1 /weixin/admin.php/Home/%7B:U%28'Home/Index'%29%7D
INFO: [ app_init ] --START--
INFO: Run Behavior\BuildLiteBehavior [ RunTime:0.000000s ]
INFO: [ app_init ] --END-- [ RunTime:0.000000s ]
INFO: [ app_begin ] --START--
INFO: Run Behavior\ReadHtmlCacheBehavior [ RunTime:0.000000s ]
INFO: [ app_begin ] --END-- [ RunTime:0.000000s ]
ERR: 无法加载控制器:{:U('Home

[ 2016-03-14T13:48:42+08:00 ] ::1 /weixin/admin.php/
INFO: [ app_init ] --START--
INFO: Run Behavior\BuildLiteBehavior [ RunTime:0.000000s ]
INFO: [ app_init ] --END-- [ RunTime:0.000000s ]
INFO: [ app_begin ] --START--
INFO: Run Behavior\ReadHtmlCacheBehavior [ RunTime:0.000000s ]
INFO: [ app_begin ] --END-- [ RunTime:0.000000s ]
ERR: 无法加载控制器:

[ 2016-03-14T13:48:50+08:00 ] ::1 /weixin/admin.php
INFO: [ app_init ] --START--
INFO: Run Behavior\BuildLiteBehavior [ RunTime:0.000000s ]
INFO: [ app_init ] --END-- [ RunTime:0.000000s ]
INFO: [ app_begin ] --START--
INFO: Run Behavior\ReadHtmlCacheBehavior [ RunTime:0.000000s ]
INFO: [ app_begin ] --END-- [ RunTime:0.000000s ]
INFO: [ view_parse ] --START--
INFO: [ template_filter ] --START--
INFO: Run Behavior\ContentReplaceBehavior [ RunTime:0.000000s ]
INFO: [ template_filter ] --END-- [ RunTime:0.000000s ]
INFO: Run Behavior\ParseTemplateBehavior [ RunTime:0.015600s ]
INFO: [ view_parse ] --END-- [ RunTime:0.015600s ]
INFO: [ view_filter ] --START--
INFO: Run Behavior\WriteHtmlCacheBehavior [ RunTime:0.000000s ]
INFO: [ view_filter ] --END-- [ RunTime:0.000000s ]
INFO: [ app_end ] --START--
INFO: Run Behavior\ShowPageTraceBehavior [ RunTime:0.000000s ]
INFO: [ app_end ] --END-- [ RunTime:0.000000s ]

[ 2016-03-14T13:48:56+08:00 ] ::1 /weixin/admin.php/Home/Index/Verify.html
INFO: [ app_init ] --START--
INFO: Run Behavior\BuildLiteBehavior [ RunTime:0.000000s ]
INFO: [ app_init ] --END-- [ RunTime:0.000000s ]
INFO: [ app_begin ] --START--
INFO: Run Behavior\ReadHtmlCacheBehavior [ RunTime:0.000000s ]
INFO: [ app_begin ] --END-- [ RunTime:0.000000s ]
INFO: [ app_end ] --START--
INFO: Run Behavior\ShowPageTraceBehavior [ RunTime:0.000000s ]
INFO: [ app_end ] --END-- [ RunTime:0.000000s ]

[ 2016-03-14T13:48:58+08:00 ] ::1 /weixin/admin.php/Home/Index/Verify.html?0.4739948615485743
INFO: [ app_init ] --START--
INFO: Run Behavior\BuildLiteBehavior [ RunTime:0.000000s ]
INFO: [ app_init ] --END-- [ RunTime:0.000000s ]
INFO: [ app_begin ] --START--
INFO: Run Behavior\ReadHtmlCacheBehavior [ RunTime:0.000000s ]
INFO: [ app_begin ] --END-- [ RunTime:0.000000s ]
INFO: [ app_end ] --START--
INFO: Run Behavior\ShowPageTraceBehavior [ RunTime:0.000000s ]
INFO: [ app_end ] --END-- [ RunTime:0.000000s ]

[ 2016-03-14T13:49:01+08:00 ] ::1 /weixin/admin.php/Home/Index/CheckLoginfo.html
INFO: [ app_init ] --START--
INFO: Run Behavior\BuildLiteBehavior [ RunTime:0.000000s ]
INFO: [ app_init ] --END-- [ RunTime:0.000000s ]
INFO: [ app_begin ] --START--
INFO: Run Behavior\ReadHtmlCacheBehavior [ RunTime:0.000000s ]
INFO: [ app_begin ] --END-- [ RunTime:0.000000s ]
SQL: SHOW COLUMNS FROM `zytm_manage_user` [ RunTime:0.0312s ]
SQL: SELECT * FROM `zytm_manage_user` WHERE ( manage_email = '0@qq.com' )  [ RunTime:0.0000s ]
INFO: [ view_parse ] --START--
INFO: [ template_filter ] --START--
INFO: Run Behavior\ContentReplaceBehavior [ RunTime:0.000000s ]
INFO: [ template_filter ] --END-- [ RunTime:0.000000s ]
NOTIC: [8] Use of undefined constant HTTP_HOST - assumed 'HTTP_HOST' E:\wamp\www\weixin\Application\Cache\Runtime\admin\Cache\Home\193d4c108a94ae3328009971a33392e2.php 第 65 行.
INFO: Run Behavior\ParseTemplateBehavior [ RunTime:0.000000s ]
INFO: [ view_parse ] --END-- [ RunTime:0.000000s ]
INFO: [ view_filter ] --START--
INFO: Run Behavior\WriteHtmlCacheBehavior [ RunTime:0.000000s ]
INFO: [ view_filter ] --END-- [ RunTime:0.000000s ]
INFO: [ app_end ] --START--
INFO: Run Behavior\ShowPageTraceBehavior [ RunTime:0.015600s ]
INFO: [ app_end ] --END-- [ RunTime:0.015600s ]

[ 2016-03-14T13:49:03+08:00 ] ::1 /weixin/admin.php/Home/Home.html
INFO: [ app_init ] --START--
INFO: Run Behavior\BuildLiteBehavior [ RunTime:0.000000s ]
INFO: [ app_init ] --END-- [ RunTime:0.000000s ]
INFO: [ app_begin ] --START--
INFO: Run Behavior\ReadHtmlCacheBehavior [ RunTime:0.000000s ]
INFO: [ app_begin ] --END-- [ RunTime:0.000000s ]
SQL: SHOW COLUMNS FROM `zytm_manage_user` [ RunTime:0.0000s ]
SQL: SELECT * FROM `zytm_manage_user` WHERE ( manage_email = '0d45e35ff45813080a982ec4696de128' )  [ RunTime:0.0156s ]
NOTIC: [8] Undefined offset: 0 E:\wamp\www\weixin\Application\admin\Home\Common\function.php 第 17 行.
NOTIC: [2] array_key_exists() expects parameter 2 to be array, null given E:\wamp\www\weixin\Application\admin\Home\Common\function.php 第 17 行.
NOTIC: [8] Use of undefined constant flase - assumed 'flase' E:\wamp\www\weixin\Application\admin\Home\Common\function.php 第 25 行.
INFO: [ app_end ] --START--
INFO: Run Behavior\ShowPageTraceBehavior [ RunTime:0.000000s ]
INFO: [ app_end ] --END-- [ RunTime:0.000000s ]

[ 2016-03-14T13:49:22+08:00 ] ::1 /weixin/admin.php/Home/Index/CheckLoginfo.html
INFO: [ app_init ] --START--
INFO: Run Behavior\BuildLiteBehavior [ RunTime:0.000000s ]
INFO: [ app_init ] --END-- [ RunTime:0.000000s ]
INFO: [ app_begin ] --START--
INFO: Run Behavior\ReadHtmlCacheBehavior [ RunTime:0.000000s ]
INFO: [ app_begin ] --END-- [ RunTime:0.000000s ]
INFO: [ view_parse ] --START--
INFO: [ template_filter ] --START--
INFO: Run Behavior\ContentReplaceBehavior [ RunTime:0.000000s ]
INFO: [ template_filter ] --END-- [ RunTime:0.000000s ]
NOTIC: [8] Use of undefined constant HTTP_HOST - assumed 'HTTP_HOST' E:\wamp\www\weixin\Application\Cache\Runtime\admin\Cache\Home\193d4c108a94ae3328009971a33392e2.php 第 65 行.
INFO: Run Behavior\ParseTemplateBehavior [ RunTime:0.000000s ]
INFO: [ view_parse ] --END-- [ RunTime:0.000000s ]
INFO: [ view_filter ] --START--
INFO: Run Behavior\WriteHtmlCacheBehavior [ RunTime:0.000000s ]
INFO: [ view_filter ] --END-- [ RunTime:0.000000s ]

[ 2016-03-14T13:49:23+08:00 ] ::1 /weixin/admin.php/Home/Index.html
INFO: [ app_init ] --START--
INFO: Run Behavior\BuildLiteBehavior [ RunTime:0.000000s ]
INFO: [ app_init ] --END-- [ RunTime:0.000000s ]
INFO: [ app_begin ] --START--
INFO: Run Behavior\ReadHtmlCacheBehavior [ RunTime:0.000000s ]
INFO: [ app_begin ] --END-- [ RunTime:0.000000s ]
INFO: [ view_parse ] --START--
INFO: [ template_filter ] --START--
INFO: Run Behavior\ContentReplaceBehavior [ RunTime:0.000000s ]
INFO: [ template_filter ] --END-- [ RunTime:0.000000s ]
INFO: Run Behavior\ParseTemplateBehavior [ RunTime:0.015600s ]
INFO: [ view_parse ] --END-- [ RunTime:0.015600s ]
INFO: [ view_filter ] --START--
INFO: Run Behavior\WriteHtmlCacheBehavior [ RunTime:0.000000s ]
INFO: [ view_filter ] --END-- [ RunTime:0.000000s ]
INFO: [ app_end ] --START--
INFO: Run Behavior\ShowPageTraceBehavior [ RunTime:0.000000s ]
INFO: [ app_end ] --END-- [ RunTime:0.000000s ]

[ 2016-03-14T13:49:28+08:00 ] ::1 /weixin/admin.php/Home/Index/Verify.html
INFO: [ app_init ] --START--
INFO: Run Behavior\BuildLiteBehavior [ RunTime:0.000000s ]
INFO: [ app_init ] --END-- [ RunTime:0.000000s ]
INFO: [ app_begin ] --START--
INFO: Run Behavior\ReadHtmlCacheBehavior [ RunTime:0.000000s ]
INFO: [ app_begin ] --END-- [ RunTime:0.000000s ]
INFO: [ app_end ] --START--
INFO: Run Behavior\ShowPageTraceBehavior [ RunTime:0.000000s ]
INFO: [ app_end ] --END-- [ RunTime:0.000000s ]

[ 2016-03-14T13:50:00+08:00 ] ::1 /weixin/admin.php/Home/Index/Verify.html?0.12798403250297785
INFO: [ app_init ] --START--
INFO: Run Behavior\BuildLiteBehavior [ RunTime:0.000000s ]
INFO: [ app_init ] --END-- [ RunTime:0.000000s ]
INFO: [ app_begin ] --START--
INFO: Run Behavior\ReadHtmlCacheBehavior [ RunTime:0.000000s ]
INFO: [ app_begin ] --END-- [ RunTime:0.000000s ]
INFO: [ app_end ] --START--
INFO: Run Behavior\ShowPageTraceBehavior [ RunTime:0.000000s ]
INFO: [ app_end ] --END-- [ RunTime:0.000000s ]

[ 2016-03-14T13:50:05+08:00 ] ::1 /weixin/admin.php/Home/Index/CheckLoginfo.html
INFO: [ app_init ] --START--
INFO: Run Behavior\BuildLiteBehavior [ RunTime:0.000000s ]
INFO: [ app_init ] --END-- [ RunTime:0.000000s ]
INFO: [ app_begin ] --START--
INFO: Run Behavior\ReadHtmlCacheBehavior [ RunTime:0.000000s ]
INFO: [ app_begin ] --END-- [ RunTime:0.000000s ]
SQL: SHOW COLUMNS FROM `zytm_manage_user` [ RunTime:0.0312s ]
SQL: SELECT * FROM `zytm_manage_user` WHERE ( manage_email = '0@qq.com' )  [ RunTime:0.0000s ]
INFO: [ view_parse ] --START--
INFO: [ template_filter ] --START--
INFO: Run Behavior\ContentReplaceBehavior [ RunTime:0.000000s ]
INFO: [ template_filter ] --END-- [ RunTime:0.015600s ]
NOTIC: [8] Use of undefined constant HTTP_HOST - assumed 'HTTP_HOST' E:\wamp\www\weixin\Application\Cache\Runtime\admin\Cache\Home\193d4c108a94ae3328009971a33392e2.php 第 65 行.
INFO: Run Behavior\ParseTemplateBehavior [ RunTime:0.015600s ]
INFO: [ view_parse ] --END-- [ RunTime:0.015600s ]
INFO: [ view_filter ] --START--
INFO: Run Behavior\WriteHtmlCacheBehavior [ RunTime:0.000000s ]
INFO: [ view_filter ] --END-- [ RunTime:0.000000s ]
INFO: [ app_end ] --START--
INFO: Run Behavior\ShowPageTraceBehavior [ RunTime:0.000000s ]
INFO: [ app_end ] --END-- [ RunTime:0.000000s ]

[ 2016-03-14T13:50:06+08:00 ] ::1 /weixin/admin.php/Home/Home.html
INFO: [ app_init ] --START--
INFO: Run Behavior\BuildLiteBehavior [ RunTime:0.000000s ]
INFO: [ app_init ] --END-- [ RunTime:0.000000s ]
INFO: [ app_begin ] --START--
INFO: Run Behavior\ReadHtmlCacheBehavior [ RunTime:0.000000s ]
INFO: [ app_begin ] --END-- [ RunTime:0.000000s ]
SQL: SHOW COLUMNS FROM `zytm_manage_user` [ RunTime:0.0156s ]
SQL: SELECT * FROM `zytm_manage_user` WHERE ( manage_email = '0d45e35ff45813080a982ec4696de128' )  [ RunTime:0.0000s ]
NOTIC: [8] Undefined offset: 0 E:\wamp\www\weixin\Application\admin\Home\Common\function.php 第 17 行.
NOTIC: [2] array_key_exists() expects parameter 2 to be array, null given E:\wamp\www\weixin\Application\admin\Home\Common\function.php 第 17 行.
NOTIC: [8] Use of undefined constant flase - assumed 'flase' E:\wamp\www\weixin\Application\admin\Home\Common\function.php 第 25 行.
INFO: [ app_end ] --START--
INFO: Run Behavior\ShowPageTraceBehavior [ RunTime:0.015600s ]
INFO: [ app_end ] --END-- [ RunTime:0.015600s ]

[ 2016-03-14T13:50:06+08:00 ] ::1 /weixin/admin.php
INFO: [ app_init ] --START--
INFO: Run Behavior\BuildLiteBehavior [ RunTime:0.000000s ]
INFO: [ app_init ] --END-- [ RunTime:0.000000s ]
INFO: [ app_begin ] --START--
INFO: Run Behavior\ReadHtmlCacheBehavior [ RunTime:0.000000s ]
INFO: [ app_begin ] --END-- [ RunTime:0.000000s ]
INFO: [ view_parse ] --START--
INFO: [ template_filter ] --START--
INFO: Run Behavior\ContentReplaceBehavior [ RunTime:0.000000s ]
INFO: [ template_filter ] --END-- [ RunTime:0.000000s ]
INFO: Run Behavior\ParseTemplateBehavior [ RunTime:0.015600s ]
INFO: [ view_parse ] --END-- [ RunTime:0.015600s ]
INFO: [ view_filter ] --START--
INFO: Run Behavior\WriteHtmlCacheBehavior [ RunTime:0.000000s ]
INFO: [ view_filter ] --END-- [ RunTime:0.000000s ]
INFO: [ app_end ] --START--
INFO: Run Behavior\ShowPageTraceBehavior [ RunTime:0.000000s ]
INFO: [ app_end ] --END-- [ RunTime:0.000000s ]

[ 2016-03-14T13:50:06+08:00 ] ::1 /weixin/admin.php/Home/Index/Verify.html
INFO: [ app_init ] --START--
INFO: Run Behavior\BuildLiteBehavior [ RunTime:0.000000s ]
INFO: [ app_init ] --END-- [ RunTime:0.015600s ]
INFO: [ app_begin ] --START--
INFO: Run Behavior\ReadHtmlCacheBehavior [ RunTime:0.000000s ]
INFO: [ app_begin ] --END-- [ RunTime:0.000000s ]
INFO: [ app_end ] --START--
INFO: Run Behavior\ShowPageTraceBehavior [ RunTime:0.015600s ]
INFO: [ app_end ] --END-- [ RunTime:0.015600s ]

[ 2016-03-14T13:51:06+08:00 ] ::1 /weixin/admin.php
INFO: [ app_init ] --START--
INFO: Run Behavior\BuildLiteBehavior [ RunTime:0.000000s ]
INFO: [ app_init ] --END-- [ RunTime:0.000000s ]
INFO: [ app_begin ] --START--
INFO: Run Behavior\ReadHtmlCacheBehavior [ RunTime:0.000000s ]
INFO: [ app_begin ] --END-- [ RunTime:0.000000s ]
INFO: [ view_parse ] --START--
INFO: [ template_filter ] --START--
INFO: Run Behavior\ContentReplaceBehavior [ RunTime:0.000000s ]
INFO: [ template_filter ] --END-- [ RunTime:0.000000s ]
INFO: Run Behavior\ParseTemplateBehavior [ RunTime:0.015600s ]
INFO: [ view_parse ] --END-- [ RunTime:0.015600s ]
INFO: [ view_filter ] --START--
INFO: Run Behavior\WriteHtmlCacheBehavior [ RunTime:0.000000s ]
INFO: [ view_filter ] --END-- [ RunTime:0.000000s ]
INFO: [ app_end ] --START--
INFO: Run Behavior\ShowPageTraceBehavior [ RunTime:0.000000s ]
INFO: [ app_end ] --END-- [ RunTime:0.000000s ]

[ 2016-03-14T13:51:06+08:00 ] ::1 /weixin/admin.php/Home/Index/Verify.html
INFO: [ app_init ] --START--
INFO: Run Behavior\BuildLiteBehavior [ RunTime:0.000000s ]
INFO: [ app_init ] --END-- [ RunTime:0.000000s ]
INFO: [ app_begin ] --START--
INFO: Run Behavior\ReadHtmlCacheBehavior [ RunTime:0.000000s ]
INFO: [ app_begin ] --END-- [ RunTime:0.000000s ]
INFO: [ app_end ] --START--
INFO: Run Behavior\ShowPageTraceBehavior [ RunTime:0.000000s ]
INFO: [ app_end ] --END-- [ RunTime:0.000000s ]

[ 2016-03-14T13:51:12+08:00 ] ::1 /weixin/admin.php/Home/Index/CheckLoginfo.html
INFO: [ app_init ] --START--
INFO: Run Behavior\BuildLiteBehavior [ RunTime:0.000000s ]
INFO: [ app_init ] --END-- [ RunTime:0.000000s ]
INFO: [ app_begin ] --START--
INFO: Run Behavior\ReadHtmlCacheBehavior [ RunTime:0.000000s ]
INFO: [ app_begin ] --END-- [ RunTime:0.000000s ]
SQL: SHOW COLUMNS FROM `zytm_manage_user` [ RunTime:0.0156s ]
SQL: SELECT * FROM `zytm_manage_user` WHERE ( manage_email = '0@qq.com' )  [ RunTime:0.0000s ]
INFO: [ view_parse ] --START--
INFO: [ template_filter ] --START--
INFO: Run Behavior\ContentReplaceBehavior [ RunTime:0.000000s ]
INFO: [ template_filter ] --END-- [ RunTime:0.000000s ]
NOTIC: [8] Use of undefined constant HTTP_HOST - assumed 'HTTP_HOST' E:\wamp\www\weixin\Application\Cache\Runtime\admin\Cache\Home\193d4c108a94ae3328009971a33392e2.php 第 65 行.
INFO: Run Behavior\ParseTemplateBehavior [ RunTime:0.015600s ]
INFO: [ view_parse ] --END-- [ RunTime:0.015600s ]
INFO: [ view_filter ] --START--
INFO: Run Behavior\WriteHtmlCacheBehavior [ RunTime:0.000000s ]
INFO: [ view_filter ] --END-- [ RunTime:0.000000s ]
INFO: [ app_end ] --START--
INFO: Run Behavior\ShowPageTraceBehavior [ RunTime:0.000000s ]
INFO: [ app_end ] --END-- [ RunTime:0.000000s ]

[ 2016-03-14T13:51:13+08:00 ] ::1 /weixin/admin.php/Home/Home.html
INFO: [ app_init ] --START--
INFO: Run Behavior\BuildLiteBehavior [ RunTime:0.000000s ]
INFO: [ app_init ] --END-- [ RunTime:0.000000s ]
INFO: [ app_begin ] --START--
INFO: Run Behavior\ReadHtmlCacheBehavior [ RunTime:0.000000s ]
INFO: [ app_begin ] --END-- [ RunTime:0.000000s ]
SQL: SHOW COLUMNS FROM `zytm_manage_user` [ RunTime:0.0000s ]
SQL: SELECT * FROM `zytm_manage_user` WHERE ( manage_email = '0d45e35ff45813080a982ec4696de128' )  [ RunTime:0.0000s ]
NOTIC: [8] Undefined offset: 0 E:\wamp\www\weixin\Application\admin\Home\Common\function.php 第 17 行.
NOTIC: [2] array_key_exists() expects parameter 2 to be array, null given E:\wamp\www\weixin\Application\admin\Home\Common\function.php 第 17 行.
NOTIC: [8] Use of undefined constant flase - assumed 'flase' E:\wamp\www\weixin\Application\admin\Home\Common\function.php 第 25 行.
INFO: [ app_end ] --START--
INFO: Run Behavior\ShowPageTraceBehavior [ RunTime:0.000000s ]
INFO: [ app_end ] --END-- [ RunTime:0.000000s ]

[ 2016-03-14T13:55:20+08:00 ] ::1 /weixin/admin.php/Home/Home.html
INFO: [ app_init ] --START--
INFO: Run Behavior\BuildLiteBehavior [ RunTime:0.000000s ]
INFO: [ app_init ] --END-- [ RunTime:0.000000s ]
INFO: [ app_begin ] --START--
INFO: Run Behavior\ReadHtmlCacheBehavior [ RunTime:0.000000s ]
INFO: [ app_begin ] --END-- [ RunTime:0.000000s ]
SQL: SHOW COLUMNS FROM `zytm_manage_user` [ RunTime:0.0156s ]
SQL: SELECT * FROM `zytm_manage_user` WHERE ( manage_email = '0d45e35ff45813080a982ec4696de128' )  [ RunTime:0.0000s ]
NOTIC: [8] Undefined offset: 0 E:\wamp\www\weixin\Application\admin\Home\Common\function.php 第 17 行.
NOTIC: [2] array_key_exists() expects parameter 2 to be array, null given E:\wamp\www\weixin\Application\admin\Home\Common\function.php 第 17 行.
NOTIC: [8] Use of undefined constant flase - assumed 'flase' E:\wamp\www\weixin\Application\admin\Home\Common\function.php 第 25 行.
INFO: [ app_end ] --START--
INFO: Run Behavior\ShowPageTraceBehavior [ RunTime:0.000000s ]
INFO: [ app_end ] --END-- [ RunTime:0.000000s ]

[ 2016-03-14T13:55:33+08:00 ] ::1 /weixin/admin.php/Home/Home.html
INFO: [ app_init ] --START--
INFO: Run Behavior\BuildLiteBehavior [ RunTime:0.000000s ]
INFO: [ app_init ] --END-- [ RunTime:0.000000s ]
INFO: [ app_begin ] --START--
INFO: Run Behavior\ReadHtmlCacheBehavior [ RunTime:0.000000s ]
INFO: [ app_begin ] --END-- [ RunTime:0.000000s ]
SQL: SHOW COLUMNS FROM `zytm_manage_user` [ RunTime:0.0156s ]
SQL: SELECT * FROM `zytm_manage_user` WHERE ( manage_email = '0d45e35ff45813080a982ec4696de128' )  [ RunTime:0.0000s ]
NOTIC: [8] Undefined offset: 0 E:\wamp\www\weixin\Application\admin\Home\Common\function.php 第 17 行.
NOTIC: [2] array_key_exists() expects parameter 2 to be array, null given E:\wamp\www\weixin\Application\admin\Home\Common\function.php 第 17 行.
NOTIC: [8] Use of undefined constant flase - assumed 'flase' E:\wamp\www\weixin\Application\admin\Home\Common\function.php 第 25 行.
INFO: [ app_end ] --START--
INFO: Run Behavior\ShowPageTraceBehavior [ RunTime:0.000000s ]
INFO: [ app_end ] --END-- [ RunTime:0.000000s ]

[ 2016-03-14T13:57:11+08:00 ] ::1 /weixin/admin.php/Home/Home.html
INFO: [ app_init ] --START--
INFO: Run Behavior\BuildLiteBehavior [ RunTime:0.001000s ]
INFO: [ app_init ] --END-- [ RunTime:0.001000s ]
INFO: [ app_begin ] --START--
INFO: Run Behavior\ReadHtmlCacheBehavior [ RunTime:0.001000s ]
INFO: [ app_begin ] --END-- [ RunTime:0.002000s ]
SQL: SHOW COLUMNS FROM `zytm_manage_user` [ RunTime:0.0180s ]
SQL: SELECT * FROM `zytm_manage_user` WHERE ( manage_email = '' )  [ RunTime:0.0480s ]
NOTIC: [8] Undefined offset: 0 E:\wamp\www\weixin\Application\admin\Home\Common\function.php 第 17 行.
NOTIC: [2] array_key_exists() expects parameter 2 to be array, null given E:\wamp\www\weixin\Application\admin\Home\Common\function.php 第 17 行.
NOTIC: [8] Use of undefined constant flase - assumed 'flase' E:\wamp\www\weixin\Application\admin\Home\Common\function.php 第 25 行.
INFO: [ app_end ] --START--
INFO: Run Behavior\ShowPageTraceBehavior [ RunTime:0.001000s ]
INFO: [ app_end ] --END-- [ RunTime:0.002000s ]

[ 2016-03-14T13:57:13+08:00 ] ::1 /weixin/admin.php/Home/Home.html
INFO: [ app_init ] --START--
INFO: Run Behavior\BuildLiteBehavior [ RunTime:0.000000s ]
INFO: [ app_init ] --END-- [ RunTime:0.001000s ]
INFO: [ app_begin ] --START--
INFO: Run Behavior\ReadHtmlCacheBehavior [ RunTime:0.002000s ]
INFO: [ app_begin ] --END-- [ RunTime:0.002000s ]
SQL: SHOW COLUMNS FROM `zytm_manage_user` [ RunTime:0.0030s ]
SQL: SELECT * FROM `zytm_manage_user` WHERE ( manage_email = '' )  [ RunTime:0.0010s ]
NOTIC: [8] Undefined offset: 0 E:\wamp\www\weixin\Application\admin\Home\Common\function.php 第 17 行.
NOTIC: [2] array_key_exists() expects parameter 2 to be array, null given E:\wamp\www\weixin\Application\admin\Home\Common\function.php 第 17 行.
NOTIC: [8] Use of undefined constant flase - assumed 'flase' E:\wamp\www\weixin\Application\admin\Home\Common\function.php 第 25 行.
INFO: [ app_end ] --START--
INFO: Run Behavior\ShowPageTraceBehavior [ RunTime:0.002000s ]
INFO: [ app_end ] --END-- [ RunTime:0.002000s ]

[ 2016-03-14T13:57:25+08:00 ] ::1 /weixin/admin.php/Home/Home.html
INFO: [ app_init ] --START--
INFO: Run Behavior\BuildLiteBehavior [ RunTime:0.000000s ]
INFO: [ app_init ] --END-- [ RunTime:0.001000s ]
INFO: [ app_begin ] --START--
INFO: Run Behavior\ReadHtmlCacheBehavior [ RunTime:0.001000s ]
INFO: [ app_begin ] --END-- [ RunTime:0.002000s ]
SQL: SHOW COLUMNS FROM `zytm_manage_user` [ RunTime:0.0030s ]
SQL: SELECT * FROM `zytm_manage_user` WHERE ( manage_email = '' )  [ RunTime:0.0000s ]
NOTIC: [8] Undefined offset: 0 E:\wamp\www\weixin\Application\admin\Home\Common\function.php 第 17 行.
NOTIC: [2] array_key_exists() expects parameter 2 to be array, null given E:\wamp\www\weixin\Application\admin\Home\Common\function.php 第 17 行.
NOTIC: [8] Use of undefined constant flase - assumed 'flase' E:\wamp\www\weixin\Application\admin\Home\Common\function.php 第 25 行.
INFO: [ app_end ] --START--
INFO: Run Behavior\ShowPageTraceBehavior [ RunTime:0.001000s ]
INFO: [ app_end ] --END-- [ RunTime:0.001000s ]

[ 2016-03-14T13:57:30+08:00 ] ::1 /weixin/admin.php/Home/Home.html
INFO: [ app_init ] --START--
INFO: Run Behavior\BuildLiteBehavior [ RunTime:0.000000s ]
INFO: [ app_init ] --END-- [ RunTime:0.000000s ]
INFO: [ app_begin ] --START--
INFO: Run Behavior\ReadHtmlCacheBehavior [ RunTime:0.005000s ]
INFO: [ app_begin ] --END-- [ RunTime:0.005000s ]
SQL: SHOW COLUMNS FROM `zytm_manage_user` [ RunTime:0.0030s ]
SQL: SELECT * FROM `zytm_manage_user` WHERE ( manage_email = '' )  [ RunTime:0.0000s ]
NOTIC: [8] Undefined offset: 0 E:\wamp\www\weixin\Application\admin\Home\Common\function.php 第 17 行.
NOTIC: [2] array_key_exists() expects parameter 2 to be array, null given E:\wamp\www\weixin\Application\admin\Home\Common\function.php 第 17 行.
NOTIC: [8] Use of undefined constant flase - assumed 'flase' E:\wamp\www\weixin\Application\admin\Home\Common\function.php 第 25 行.
INFO: [ app_end ] --START--
INFO: Run Behavior\ShowPageTraceBehavior [ RunTime:0.001000s ]
INFO: [ app_end ] --END-- [ RunTime:0.001000s ]

[ 2016-03-14T13:57:31+08:00 ] ::1 /weixin/admin.php/Home/Home.html
INFO: [ app_init ] --START--
INFO: Run Behavior\BuildLiteBehavior [ RunTime:0.000000s ]
INFO: [ app_init ] --END-- [ RunTime:0.001000s ]
INFO: [ app_begin ] --START--
INFO: Run Behavior\ReadHtmlCacheBehavior [ RunTime:0.001000s ]
INFO: [ app_begin ] --END-- [ RunTime:0.001000s ]
SQL: SHOW COLUMNS FROM `zytm_manage_user` [ RunTime:0.0030s ]
SQL: SELECT * FROM `zytm_manage_user` WHERE ( manage_email = '' )  [ RunTime:0.0010s ]
NOTIC: [8] Undefined offset: 0 E:\wamp\www\weixin\Application\admin\Home\Common\function.php 第 17 行.
NOTIC: [2] array_key_exists() expects parameter 2 to be array, null given E:\wamp\www\weixin\Application\admin\Home\Common\function.php 第 17 行.
NOTIC: [8] Use of undefined constant flase - assumed 'flase' E:\wamp\www\weixin\Application\admin\Home\Common\function.php 第 25 行.
INFO: [ app_end ] --START--
INFO: Run Behavior\ShowPageTraceBehavior [ RunTime:0.001000s ]
INFO: [ app_end ] --END-- [ RunTime:0.001000s ]

[ 2016-03-14T13:58:01+08:00 ] ::1 /weixin/admin.php/Home/Home.html
INFO: [ app_init ] --START--
INFO: Run Behavior\BuildLiteBehavior [ RunTime:0.000000s ]
INFO: [ app_init ] --END-- [ RunTime:0.000000s ]
INFO: [ app_begin ] --START--
INFO: Run Behavior\ReadHtmlCacheBehavior [ RunTime:0.000000s ]
INFO: [ app_begin ] --END-- [ RunTime:0.000000s ]
SQL: SHOW COLUMNS FROM `zytm_manage_user` [ RunTime:0.0000s ]
SQL: SELECT * FROM `zytm_manage_user` WHERE ( manage_email = '' )  [ RunTime:0.0000s ]
NOTIC: [8] Undefined offset: 0 E:\wamp\www\weixin\Application\admin\Home\Common\function.php 第 16 行.
NOTIC: [2] array_key_exists() expects parameter 2 to be array, null given E:\wamp\www\weixin\Application\admin\Home\Common\function.php 第 16 行.
NOTIC: [8] Use of undefined constant flase - assumed 'flase' E:\wamp\www\weixin\Application\admin\Home\Common\function.php 第 24 行.
INFO: [ app_end ] --START--
INFO: Run Behavior\ShowPageTraceBehavior [ RunTime:0.000000s ]
INFO: [ app_end ] --END-- [ RunTime:0.000000s ]

[ 2016-03-14T14:00:35+08:00 ] ::1 /weixin/admin.php/Home/Home.html
INFO: [ app_init ] --START--
INFO: Run Behavior\BuildLiteBehavior [ RunTime:0.000000s ]
INFO: [ app_init ] --END-- [ RunTime:0.000000s ]
INFO: [ app_begin ] --START--
INFO: Run Behavior\ReadHtmlCacheBehavior [ RunTime:0.015600s ]
INFO: [ app_begin ] --END-- [ RunTime:0.015600s ]
SQL: SHOW COLUMNS FROM `zytm_manage_user` [ RunTime:0.0000s ]
SQL: SELECT * FROM `zytm_manage_user` WHERE ( manage_email = '' )  [ RunTime:0.0156s ]
NOTIC: [8] Undefined offset: 0 E:\wamp\www\weixin\Application\admin\Home\Common\function.php 第 16 行.
NOTIC: [2] array_key_exists() expects parameter 2 to be array, null given E:\wamp\www\weixin\Application\admin\Home\Common\function.php 第 16 行.
NOTIC: [8] Use of undefined constant flase - assumed 'flase' E:\wamp\www\weixin\Application\admin\Home\Common\function.php 第 24 行.
INFO: [ app_end ] --START--
INFO: Run Behavior\ShowPageTraceBehavior [ RunTime:0.000000s ]
INFO: [ app_end ] --END-- [ RunTime:0.000000s ]

[ 2016-03-14T14:00:37+08:00 ] ::1 /weixin/admin.php/Home/Home.html
INFO: [ app_init ] --START--
INFO: Run Behavior\BuildLiteBehavior [ RunTime:0.000000s ]
INFO: [ app_init ] --END-- [ RunTime:0.000000s ]
INFO: [ app_begin ] --START--
INFO: Run Behavior\ReadHtmlCacheBehavior [ RunTime:0.000000s ]
INFO: [ app_begin ] --END-- [ RunTime:0.000000s ]
SQL: SHOW COLUMNS FROM `zytm_manage_user` [ RunTime:0.0156s ]
SQL: SELECT * FROM `zytm_manage_user` WHERE ( manage_email = '' )  [ RunTime:0.0000s ]
NOTIC: [8] Undefined offset: 0 E:\wamp\www\weixin\Application\admin\Home\Common\function.php 第 16 行.
NOTIC: [2] array_key_exists() expects parameter 2 to be array, null given E:\wamp\www\weixin\Application\admin\Home\Common\function.php 第 16 行.
NOTIC: [8] Use of undefined constant flase - assumed 'flase' E:\wamp\www\weixin\Application\admin\Home\Common\function.php 第 24 行.
INFO: [ app_end ] --START--
INFO: Run Behavior\ShowPageTraceBehavior [ RunTime:0.000000s ]
INFO: [ app_end ] --END-- [ RunTime:0.000000s ]

[ 2016-03-14T14:01:25+08:00 ] ::1 /weixin/admin.php/Home/Home.html
INFO: [ app_init ] --START--
INFO: Run Behavior\BuildLiteBehavior [ RunTime:0.000000s ]
INFO: [ app_init ] --END-- [ RunTime:0.000000s ]
INFO: [ app_begin ] --START--
INFO: Run Behavior\ReadHtmlCacheBehavior [ RunTime:0.000000s ]
INFO: [ app_begin ] --END-- [ RunTime:0.000000s ]
INFO: [ app_end ] --START--
INFO: Run Behavior\ShowPageTraceBehavior [ RunTime:0.000000s ]
INFO: [ app_end ] --END-- [ RunTime:0.000000s ]

[ 2016-03-14T14:01:26+08:00 ] ::1 /weixin/admin.php
INFO: [ app_init ] --START--
INFO: Run Behavior\BuildLiteBehavior [ RunTime:0.000000s ]
INFO: [ app_init ] --END-- [ RunTime:0.000000s ]
INFO: [ app_begin ] --START--
INFO: Run Behavior\ReadHtmlCacheBehavior [ RunTime:0.000000s ]
INFO: [ app_begin ] --END-- [ RunTime:0.000000s ]
INFO: [ view_parse ] --START--
INFO: [ template_filter ] --START--
INFO: Run Behavior\ContentReplaceBehavior [ RunTime:0.000000s ]
INFO: [ template_filter ] --END-- [ RunTime:0.000000s ]
INFO: Run Behavior\ParseTemplateBehavior [ RunTime:0.031200s ]
INFO: [ view_parse ] --END-- [ RunTime:0.031200s ]
INFO: [ view_filter ] --START--
INFO: Run Behavior\WriteHtmlCacheBehavior [ RunTime:0.000000s ]
INFO: [ view_filter ] --END-- [ RunTime:0.000000s ]
INFO: [ app_end ] --START--
INFO: Run Behavior\ShowPageTraceBehavior [ RunTime:0.000000s ]
INFO: [ app_end ] --END-- [ RunTime:0.000000s ]

[ 2016-03-14T14:01:26+08:00 ] ::1 /weixin/admin.php/Home/Index/Verify.html
INFO: [ app_init ] --START--
INFO: Run Behavior\BuildLiteBehavior [ RunTime:0.000000s ]
INFO: [ app_init ] --END-- [ RunTime:0.000000s ]
INFO: [ app_begin ] --START--
INFO: Run Behavior\ReadHtmlCacheBehavior [ RunTime:0.000000s ]
INFO: [ app_begin ] --END-- [ RunTime:0.015600s ]
INFO: [ app_end ] --START--
INFO: Run Behavior\ShowPageTraceBehavior [ RunTime:0.000000s ]
INFO: [ app_end ] --END-- [ RunTime:0.000000s ]

[ 2016-03-14T14:01:48+08:00 ] ::1 /weixin/admin.php/Home/Index/CheckLoginfo.html
INFO: [ app_init ] --START--
INFO: Run Behavior\BuildLiteBehavior [ RunTime:0.000000s ]
INFO: [ app_init ] --END-- [ RunTime:0.000000s ]
INFO: [ app_begin ] --START--
INFO: Run Behavior\ReadHtmlCacheBehavior [ RunTime:0.000000s ]
INFO: [ app_begin ] --END-- [ RunTime:0.000000s ]
SQL: SHOW COLUMNS FROM `zytm_manage_user` [ RunTime:0.0156s ]
SQL: SELECT * FROM `zytm_manage_user` WHERE ( manage_email = '0@qq.com' )  [ RunTime:0.0000s ]
INFO: [ view_parse ] --START--
INFO: [ template_filter ] --START--
INFO: Run Behavior\ContentReplaceBehavior [ RunTime:0.000000s ]
INFO: [ template_filter ] --END-- [ RunTime:0.000000s ]
NOTIC: [8] Use of undefined constant HTTP_HOST - assumed 'HTTP_HOST' E:\wamp\www\weixin\Application\Cache\Runtime\admin\Cache\Home\193d4c108a94ae3328009971a33392e2.php 第 65 行.
INFO: Run Behavior\ParseTemplateBehavior [ RunTime:0.015600s ]
INFO: [ view_parse ] --END-- [ RunTime:0.015600s ]
INFO: [ view_filter ] --START--
INFO: Run Behavior\WriteHtmlCacheBehavior [ RunTime:0.000000s ]
INFO: [ view_filter ] --END-- [ RunTime:0.000000s ]
INFO: [ app_end ] --START--
INFO: Run Behavior\ShowPageTraceBehavior [ RunTime:0.000000s ]
INFO: [ app_end ] --END-- [ RunTime:0.000000s ]

[ 2016-03-14T14:01:50+08:00 ] ::1 /weixin/admin.php/Home/Home.html
INFO: [ app_init ] --START--
INFO: Run Behavior\BuildLiteBehavior [ RunTime:0.000000s ]
INFO: [ app_init ] --END-- [ RunTime:0.015600s ]
INFO: [ app_begin ] --START--
INFO: Run Behavior\ReadHtmlCacheBehavior [ RunTime:0.000000s ]
INFO: [ app_begin ] --END-- [ RunTime:0.000000s ]
SQL: SHOW COLUMNS FROM `zytm_manage_user` [ RunTime:0.0000s ]
SQL: SELECT * FROM `zytm_manage_user` WHERE ( manage_email = '0d45e35ff45813080a982ec4696de128' )  [ RunTime:0.0000s ]
NOTIC: [8] Undefined offset: 0 E:\wamp\www\weixin\Application\admin\Home\Common\function.php 第 16 行.
NOTIC: [2] array_key_exists() expects parameter 2 to be array, null given E:\wamp\www\weixin\Application\admin\Home\Common\function.php 第 16 行.
NOTIC: [8] Use of undefined constant flase - assumed 'flase' E:\wamp\www\weixin\Application\admin\Home\Common\function.php 第 24 行.
INFO: [ app_end ] --START--
INFO: Run Behavior\ShowPageTraceBehavior [ RunTime:0.000000s ]
INFO: [ app_end ] --END-- [ RunTime:0.000000s ]

[ 2016-03-14T14:01:52+08:00 ] ::1 /weixin/admin.php/Home/Home.html
INFO: [ app_init ] --START--
INFO: Run Behavior\BuildLiteBehavior [ RunTime:0.000000s ]
INFO: [ app_init ] --END-- [ RunTime:0.000000s ]
INFO: [ app_begin ] --START--
INFO: Run Behavior\ReadHtmlCacheBehavior [ RunTime:0.000000s ]
INFO: [ app_begin ] --END-- [ RunTime:0.000000s ]
SQL: SHOW COLUMNS FROM `zytm_manage_user` [ RunTime:0.0000s ]
SQL: SELECT * FROM `zytm_manage_user` WHERE ( manage_email = '0d45e35ff45813080a982ec4696de128' )  [ RunTime:0.0000s ]
NOTIC: [8] Undefined offset: 0 E:\wamp\www\weixin\Application\admin\Home\Common\function.php 第 16 行.
NOTIC: [2] array_key_exists() expects parameter 2 to be array, null given E:\wamp\www\weixin\Application\admin\Home\Common\function.php 第 16 行.
NOTIC: [8] Use of undefined constant flase - assumed 'flase' E:\wamp\www\weixin\Application\admin\Home\Common\function.php 第 24 行.
INFO: [ app_end ] --START--
INFO: Run Behavior\ShowPageTraceBehavior [ RunTime:0.000000s ]
INFO: [ app_end ] --END-- [ RunTime:0.000000s ]

[ 2016-03-14T14:01:53+08:00 ] ::1 /weixin/admin.php/Home/Home.html
INFO: [ app_init ] --START--
INFO: Run Behavior\BuildLiteBehavior [ RunTime:0.000000s ]
INFO: [ app_init ] --END-- [ RunTime:0.015600s ]
INFO: [ app_begin ] --START--
INFO: Run Behavior\ReadHtmlCacheBehavior [ RunTime:0.000000s ]
INFO: [ app_begin ] --END-- [ RunTime:0.000000s ]
SQL: SHOW COLUMNS FROM `zytm_manage_user` [ RunTime:0.0000s ]
SQL: SELECT * FROM `zytm_manage_user` WHERE ( manage_email = '0d45e35ff45813080a982ec4696de128' )  [ RunTime:0.0000s ]
NOTIC: [8] Undefined offset: 0 E:\wamp\www\weixin\Application\admin\Home\Common\function.php 第 16 行.
NOTIC: [2] array_key_exists() expects parameter 2 to be array, null given E:\wamp\www\weixin\Application\admin\Home\Common\function.php 第 16 行.
NOTIC: [8] Use of undefined constant flase - assumed 'flase' E:\wamp\www\weixin\Application\admin\Home\Common\function.php 第 24 行.
INFO: [ app_end ] --START--
INFO: Run Behavior\ShowPageTraceBehavior [ RunTime:0.000000s ]
INFO: [ app_end ] --END-- [ RunTime:0.000000s ]

[ 2016-03-14T14:03:04+08:00 ] ::1 /weixin/admin.php/Home/Home.html
INFO: [ app_init ] --START--
INFO: Run Behavior\BuildLiteBehavior [ RunTime:0.000000s ]
INFO: [ app_init ] --END-- [ RunTime:0.000000s ]
INFO: [ app_begin ] --START--
INFO: Run Behavior\ReadHtmlCacheBehavior [ RunTime:0.001000s ]
INFO: [ app_begin ] --END-- [ RunTime:0.002000s ]
INFO: [ app_end ] --START--
INFO: Run Behavior\ShowPageTraceBehavior [ RunTime:0.000000s ]
INFO: [ app_end ] --END-- [ RunTime:0.001000s ]

[ 2016-03-14T14:03:04+08:00 ] ::1 /weixin/admin.php
INFO: [ app_init ] --START--
INFO: Run Behavior\BuildLiteBehavior [ RunTime:0.000000s ]
INFO: [ app_init ] --END-- [ RunTime:0.001000s ]
INFO: [ app_begin ] --START--
INFO: Run Behavior\ReadHtmlCacheBehavior [ RunTime:0.001000s ]
INFO: [ app_begin ] --END-- [ RunTime:0.001000s ]
INFO: [ view_parse ] --START--
INFO: [ template_filter ] --START--
INFO: Run Behavior\ContentReplaceBehavior [ RunTime:0.000000s ]
INFO: [ template_filter ] --END-- [ RunTime:0.001000s ]
INFO: Run Behavior\ParseTemplateBehavior [ RunTime:0.012001s ]
INFO: [ view_parse ] --END-- [ RunTime:0.013001s ]
INFO: [ view_filter ] --START--
INFO: Run Behavior\WriteHtmlCacheBehavior [ RunTime:0.000000s ]
INFO: [ view_filter ] --END-- [ RunTime:0.000000s ]
INFO: [ app_end ] --START--
INFO: Run Behavior\ShowPageTraceBehavior [ RunTime:0.001000s ]
INFO: [ app_end ] --END-- [ RunTime:0.001000s ]

[ 2016-03-14T14:03:04+08:00 ] ::1 /weixin/admin.php/Home/Index/Verify.html
INFO: [ app_init ] --START--
INFO: Run Behavior\BuildLiteBehavior [ RunTime:0.000000s ]
INFO: [ app_init ] --END-- [ RunTime:0.001000s ]
INFO: [ app_begin ] --START--
INFO: Run Behavior\ReadHtmlCacheBehavior [ RunTime:0.001000s ]
INFO: [ app_begin ] --END-- [ RunTime:0.001000s ]
INFO: [ app_end ] --START--
INFO: Run Behavior\ShowPageTraceBehavior [ RunTime:0.001000s ]
INFO: [ app_end ] --END-- [ RunTime:0.001000s ]

[ 2016-03-14T14:04:19+08:00 ] ::1 /weixin/admin.php/Home/Index/CheckLoginfo.html
INFO: [ app_init ] --START--
INFO: Run Behavior\BuildLiteBehavior [ RunTime:0.000000s ]
INFO: [ app_init ] --END-- [ RunTime:0.000000s ]
INFO: [ app_begin ] --START--
INFO: Run Behavior\ReadHtmlCacheBehavior [ RunTime:0.000000s ]
INFO: [ app_begin ] --END-- [ RunTime:0.000000s ]
SQL: SHOW COLUMNS FROM `zytm_manage_user` [ RunTime:0.0000s ]
SQL: SELECT * FROM `zytm_manage_user` WHERE ( manage_email = '0@qq.com' )  [ RunTime:0.0000s ]
INFO: [ view_parse ] --START--
INFO: [ template_filter ] --START--
INFO: Run Behavior\ContentReplaceBehavior [ RunTime:0.000000s ]
INFO: [ template_filter ] --END-- [ RunTime:0.000000s ]
NOTIC: [8] Use of undefined constant HTTP_HOST - assumed 'HTTP_HOST' E:\wamp\www\weixin\Application\Cache\Runtime\admin\Cache\Home\193d4c108a94ae3328009971a33392e2.php 第 65 行.
INFO: Run Behavior\ParseTemplateBehavior [ RunTime:0.015600s ]
INFO: [ view_parse ] --END-- [ RunTime:0.015600s ]
INFO: [ view_filter ] --START--
INFO: Run Behavior\WriteHtmlCacheBehavior [ RunTime:0.000000s ]
INFO: [ view_filter ] --END-- [ RunTime:0.000000s ]
INFO: [ app_end ] --START--
INFO: Run Behavior\ShowPageTraceBehavior [ RunTime:0.000000s ]
INFO: [ app_end ] --END-- [ RunTime:0.000000s ]

[ 2016-03-14T14:04:20+08:00 ] ::1 /weixin/admin.php/Home/Home.html
INFO: [ app_init ] --START--
INFO: Run Behavior\BuildLiteBehavior [ RunTime:0.000000s ]
INFO: [ app_init ] --END-- [ RunTime:0.000000s ]
INFO: [ app_begin ] --START--
INFO: Run Behavior\ReadHtmlCacheBehavior [ RunTime:0.000000s ]
INFO: [ app_begin ] --END-- [ RunTime:0.000000s ]
SQL: SHOW COLUMNS FROM `zytm_manage_user` [ RunTime:0.0000s ]
SQL: SELECT * FROM `zytm_manage_user` WHERE ( manage_email = '0d45e35ff45813080a982ec4696de128' )  [ RunTime:0.0000s ]
NOTIC: [8] Undefined offset: 0 E:\wamp\www\weixin\Application\admin\Home\Common\function.php 第 14 行.
NOTIC: [2] array_key_exists() expects parameter 2 to be array, null given E:\wamp\www\weixin\Application\admin\Home\Common\function.php 第 14 行.
NOTIC: [8] Use of undefined constant flase - assumed 'flase' E:\wamp\www\weixin\Application\admin\Home\Common\function.php 第 22 行.
INFO: [ app_end ] --START--
INFO: Run Behavior\ShowPageTraceBehavior [ RunTime:0.000000s ]
INFO: [ app_end ] --END-- [ RunTime:0.000000s ]

[ 2016-03-14T14:04:22+08:00 ] ::1 /weixin/admin.php/Home/Home.html
INFO: [ app_init ] --START--
INFO: Run Behavior\BuildLiteBehavior [ RunTime:0.000000s ]
INFO: [ app_init ] --END-- [ RunTime:0.000000s ]
INFO: [ app_begin ] --START--
INFO: Run Behavior\ReadHtmlCacheBehavior [ RunTime:0.015600s ]
INFO: [ app_begin ] --END-- [ RunTime:0.015600s ]
SQL: SHOW COLUMNS FROM `zytm_manage_user` [ RunTime:0.0156s ]
SQL: SELECT * FROM `zytm_manage_user` WHERE ( manage_email = '0d45e35ff45813080a982ec4696de128' )  [ RunTime:0.0000s ]
NOTIC: [8] Undefined offset: 0 E:\wamp\www\weixin\Application\admin\Home\Common\function.php 第 14 行.
NOTIC: [2] array_key_exists() expects parameter 2 to be array, null given E:\wamp\www\weixin\Application\admin\Home\Common\function.php 第 14 行.
NOTIC: [8] Use of undefined constant flase - assumed 'flase' E:\wamp\www\weixin\Application\admin\Home\Common\function.php 第 22 行.
INFO: [ app_end ] --START--
INFO: Run Behavior\ShowPageTraceBehavior [ RunTime:0.000000s ]
INFO: [ app_end ] --END-- [ RunTime:0.000000s ]

[ 2016-03-14T14:04:24+08:00 ] ::1 /weixin/admin.php/Home/Home.html
INFO: [ app_init ] --START--
INFO: Run Behavior\BuildLiteBehavior [ RunTime:0.000000s ]
INFO: [ app_init ] --END-- [ RunTime:0.000000s ]
INFO: [ app_begin ] --START--
INFO: Run Behavior\ReadHtmlCacheBehavior [ RunTime:0.000000s ]
INFO: [ app_begin ] --END-- [ RunTime:0.000000s ]
SQL: SHOW COLUMNS FROM `zytm_manage_user` [ RunTime:0.0156s ]
SQL: SELECT * FROM `zytm_manage_user` WHERE ( manage_email = '0d45e35ff45813080a982ec4696de128' )  [ RunTime:0.0000s ]
NOTIC: [8] Undefined offset: 0 E:\wamp\www\weixin\Application\admin\Home\Common\function.php 第 14 行.
NOTIC: [2] array_key_exists() expects parameter 2 to be array, null given E:\wamp\www\weixin\Application\admin\Home\Common\function.php 第 14 行.
NOTIC: [8] Use of undefined constant flase - assumed 'flase' E:\wamp\www\weixin\Application\admin\Home\Common\function.php 第 22 行.
INFO: [ app_end ] --START--
INFO: Run Behavior\ShowPageTraceBehavior [ RunTime:0.000000s ]
INFO: [ app_end ] --END-- [ RunTime:0.000000s ]

[ 2016-03-14T14:04:25+08:00 ] ::1 /weixin/admin.php/Home/Home.html
INFO: [ app_init ] --START--
INFO: Run Behavior\BuildLiteBehavior [ RunTime:0.000000s ]
INFO: [ app_init ] --END-- [ RunTime:0.000000s ]
INFO: [ app_begin ] --START--
INFO: Run Behavior\ReadHtmlCacheBehavior [ RunTime:0.000000s ]
INFO: [ app_begin ] --END-- [ RunTime:0.000000s ]
SQL: SHOW COLUMNS FROM `zytm_manage_user` [ RunTime:0.0000s ]
SQL: SELECT * FROM `zytm_manage_user` WHERE ( manage_email = '0d45e35ff45813080a982ec4696de128' )  [ RunTime:0.0000s ]
NOTIC: [8] Undefined offset: 0 E:\wamp\www\weixin\Application\admin\Home\Common\function.php 第 14 行.
NOTIC: [2] array_key_exists() expects parameter 2 to be array, null given E:\wamp\www\weixin\Application\admin\Home\Common\function.php 第 14 行.
NOTIC: [8] Use of undefined constant flase - assumed 'flase' E:\wamp\www\weixin\Application\admin\Home\Common\function.php 第 22 行.
INFO: [ app_end ] --START--
INFO: Run Behavior\ShowPageTraceBehavior [ RunTime:0.000000s ]
INFO: [ app_end ] --END-- [ RunTime:0.000000s ]

[ 2016-03-14T14:04:36+08:00 ] ::1 /weixin/admin.php/Home/Home.html
INFO: [ app_init ] --START--
INFO: Run Behavior\BuildLiteBehavior [ RunTime:0.000000s ]
INFO: [ app_init ] --END-- [ RunTime:0.000000s ]
INFO: [ app_begin ] --START--
INFO: Run Behavior\ReadHtmlCacheBehavior [ RunTime:0.000000s ]
INFO: [ app_begin ] --END-- [ RunTime:0.000000s ]
SQL: SHOW COLUMNS FROM `zytm_manage_user` [ RunTime:0.0000s ]
SQL: SELECT * FROM `zytm_manage_user` WHERE ( manage_email = '0d45e35ff45813080a982ec4696de128' )  [ RunTime:0.0000s ]
NOTIC: [8] Undefined offset: 0 E:\wamp\www\weixin\Application\admin\Home\Common\function.php 第 14 行.
NOTIC: [2] array_key_exists() expects parameter 2 to be array, null given E:\wamp\www\weixin\Application\admin\Home\Common\function.php 第 14 行.
NOTIC: [8] Use of undefined constant flase - assumed 'flase' E:\wamp\www\weixin\Application\admin\Home\Common\function.php 第 22 行.
INFO: [ app_end ] --START--
INFO: Run Behavior\ShowPageTraceBehavior [ RunTime:0.000000s ]
INFO: [ app_end ] --END-- [ RunTime:0.000000s ]

[ 2016-03-14T14:04:55+08:00 ] ::1 /weixin/admin.php/Home/Home.html
INFO: [ app_init ] --START--
INFO: Run Behavior\BuildLiteBehavior [ RunTime:0.000000s ]
INFO: [ app_init ] --END-- [ RunTime:0.000000s ]
INFO: [ app_begin ] --START--
INFO: Run Behavior\ReadHtmlCacheBehavior [ RunTime:0.000000s ]
INFO: [ app_begin ] --END-- [ RunTime:0.000000s ]
SQL: SHOW COLUMNS FROM `zytm_manage_user` [ RunTime:0.0000s ]
SQL: SELECT * FROM `zytm_manage_user` WHERE ( manage_email = '0d45e35ff45813080a982ec4696de128' )  [ RunTime:0.0000s ]
NOTIC: [8] Undefined offset: 0 E:\wamp\www\weixin\Application\admin\Home\Common\function.php 第 14 行.
NOTIC: [2] array_key_exists() expects parameter 2 to be array, null given E:\wamp\www\weixin\Application\admin\Home\Common\function.php 第 14 行.
NOTIC: [8] Use of undefined constant flase - assumed 'flase' E:\wamp\www\weixin\Application\admin\Home\Common\function.php 第 22 行.
INFO: [ app_end ] --START--
INFO: Run Behavior\ShowPageTraceBehavior [ RunTime:0.000000s ]
INFO: [ app_end ] --END-- [ RunTime:0.000000s ]

[ 2016-03-14T14:06:01+08:00 ] ::1 /weixin/admin.php/Home/Home.html
INFO: [ app_init ] --START--
INFO: Run Behavior\BuildLiteBehavior [ RunTime:0.015600s ]
INFO: [ app_init ] --END-- [ RunTime:0.015600s ]
INFO: [ app_begin ] --START--
INFO: Run Behavior\ReadHtmlCacheBehavior [ RunTime:0.000000s ]
INFO: [ app_begin ] --END-- [ RunTime:0.000000s ]
SQL: SHOW COLUMNS FROM `zytm_manage_user` [ RunTime:0.0000s ]
SQL: SELECT * FROM `zytm_manage_user` WHERE ( manage_email = '0d45e35ff45813080a982ec4696de128' )  [ RunTime:0.0000s ]
NOTIC: [8] Undefined offset: 0 E:\wamp\www\weixin\Application\admin\Home\Common\function.php 第 15 行.
NOTIC: [2] array_key_exists() expects parameter 2 to be array, null given E:\wamp\www\weixin\Application\admin\Home\Common\function.php 第 15 行.
NOTIC: [8] Use of undefined constant flase - assumed 'flase' E:\wamp\www\weixin\Application\admin\Home\Common\function.php 第 23 行.
INFO: [ app_end ] --START--
INFO: Run Behavior\ShowPageTraceBehavior [ RunTime:0.000000s ]
INFO: [ app_end ] --END-- [ RunTime:0.000000s ]

[ 2016-03-14T14:06:21+08:00 ] ::1 /weixin/admin.php/Home/Home.html
INFO: [ app_init ] --START--
INFO: Run Behavior\BuildLiteBehavior [ RunTime:0.000000s ]
INFO: [ app_init ] --END-- [ RunTime:0.000000s ]
INFO: [ app_begin ] --START--
INFO: Run Behavior\ReadHtmlCacheBehavior [ RunTime:0.000000s ]
INFO: [ app_begin ] --END-- [ RunTime:0.000000s ]
SQL: SHOW COLUMNS FROM `zytm_manage_user` [ RunTime:0.0000s ]
SQL: SELECT * FROM `zytm_manage_user` WHERE ( manage_email = '0d45e35ff45813080a982ec4696de128' )  [ RunTime:0.0000s ]
NOTIC: [8] Undefined offset: 0 E:\wamp\www\weixin\Application\admin\Home\Common\function.php 第 15 行.
NOTIC: [2] array_key_exists() expects parameter 2 to be array, null given E:\wamp\www\weixin\Application\admin\Home\Common\function.php 第 15 行.
NOTIC: [8] Use of undefined constant flase - assumed 'flase' E:\wamp\www\weixin\Application\admin\Home\Common\function.php 第 23 行.
INFO: [ app_end ] --START--
INFO: Run Behavior\ShowPageTraceBehavior [ RunTime:0.000000s ]
INFO: [ app_end ] --END-- [ RunTime:0.000000s ]

[ 2016-03-14T14:06:23+08:00 ] ::1 /weixin/admin.php/Home/Home.html
INFO: [ app_init ] --START--
INFO: Run Behavior\BuildLiteBehavior [ RunTime:0.000000s ]
INFO: [ app_init ] --END-- [ RunTime:0.000000s ]
INFO: [ app_begin ] --START--
INFO: Run Behavior\ReadHtmlCacheBehavior [ RunTime:0.000000s ]
INFO: [ app_begin ] --END-- [ RunTime:0.000000s ]
SQL: SHOW COLUMNS FROM `zytm_manage_user` [ RunTime:0.0000s ]
SQL: SELECT * FROM `zytm_manage_user` WHERE ( manage_email = '0d45e35ff45813080a982ec4696de128' )  [ RunTime:0.0000s ]
NOTIC: [8] Undefined offset: 0 E:\wamp\www\weixin\Application\admin\Home\Common\function.php 第 15 行.
NOTIC: [2] array_key_exists() expects parameter 2 to be array, null given E:\wamp\www\weixin\Application\admin\Home\Common\function.php 第 15 行.
NOTIC: [8] Use of undefined constant flase - assumed 'flase' E:\wamp\www\weixin\Application\admin\Home\Common\function.php 第 23 行.
INFO: [ app_end ] --START--
INFO: Run Behavior\ShowPageTraceBehavior [ RunTime:0.000000s ]
INFO: [ app_end ] --END-- [ RunTime:0.000000s ]

[ 2016-03-14T14:07:19+08:00 ] ::1 /weixin/admin.php/Home/Home.html
INFO: [ app_init ] --START--
INFO: Run Behavior\BuildLiteBehavior [ RunTime:0.000000s ]
INFO: [ app_init ] --END-- [ RunTime:0.000000s ]
INFO: [ app_begin ] --START--
INFO: Run Behavior\ReadHtmlCacheBehavior [ RunTime:0.000000s ]
INFO: [ app_begin ] --END-- [ RunTime:0.000000s ]
INFO: [ app_end ] --START--
INFO: Run Behavior\ShowPageTraceBehavior [ RunTime:0.000000s ]
INFO: [ app_end ] --END-- [ RunTime:0.000000s ]

[ 2016-03-14T14:07:19+08:00 ] ::1 /weixin/admin.php
INFO: [ app_init ] --START--
INFO: Run Behavior\BuildLiteBehavior [ RunTime:0.000000s ]
INFO: [ app_init ] --END-- [ RunTime:0.000000s ]
INFO: [ app_begin ] --START--
INFO: Run Behavior\ReadHtmlCacheBehavior [ RunTime:0.000000s ]
INFO: [ app_begin ] --END-- [ RunTime:0.000000s ]
INFO: [ view_parse ] --START--
INFO: [ template_filter ] --START--
INFO: Run Behavior\ContentReplaceBehavior [ RunTime:0.000000s ]
INFO: [ template_filter ] --END-- [ RunTime:0.000000s ]
INFO: Run Behavior\ParseTemplateBehavior [ RunTime:0.015600s ]
INFO: [ view_parse ] --END-- [ RunTime:0.015600s ]
INFO: [ view_filter ] --START--
INFO: Run Behavior\WriteHtmlCacheBehavior [ RunTime:0.000000s ]
INFO: [ view_filter ] --END-- [ RunTime:0.000000s ]
INFO: [ app_end ] --START--
INFO: Run Behavior\ShowPageTraceBehavior [ RunTime:0.000000s ]
INFO: [ app_end ] --END-- [ RunTime:0.000000s ]

[ 2016-03-14T14:07:19+08:00 ] ::1 /weixin/admin.php/Home/Index/Verify.html
INFO: [ app_init ] --START--
INFO: Run Behavior\BuildLiteBehavior [ RunTime:0.000000s ]
INFO: [ app_init ] --END-- [ RunTime:0.000000s ]
INFO: [ app_begin ] --START--
INFO: Run Behavior\ReadHtmlCacheBehavior [ RunTime:0.000000s ]
INFO: [ app_begin ] --END-- [ RunTime:0.000000s ]
INFO: [ app_end ] --START--
INFO: Run Behavior\ShowPageTraceBehavior [ RunTime:0.000000s ]
INFO: [ app_end ] --END-- [ RunTime:0.000000s ]

[ 2016-03-14T14:07:24+08:00 ] ::1 /weixin/admin.php/Home/Index/CheckLoginfo.html
INFO: [ app_init ] --START--
INFO: Run Behavior\BuildLiteBehavior [ RunTime:0.000000s ]
INFO: [ app_init ] --END-- [ RunTime:0.000000s ]
INFO: [ app_begin ] --START--
INFO: Run Behavior\ReadHtmlCacheBehavior [ RunTime:0.015600s ]
INFO: [ app_begin ] --END-- [ RunTime:0.015600s ]
SQL: SHOW COLUMNS FROM `zytm_manage_user` [ RunTime:0.0000s ]
SQL: SELECT * FROM `zytm_manage_user` WHERE ( manage_email = '0@qq.com' )  [ RunTime:0.0000s ]
INFO: [ view_parse ] --START--
INFO: [ template_filter ] --START--
INFO: Run Behavior\ContentReplaceBehavior [ RunTime:0.000000s ]
INFO: [ template_filter ] --END-- [ RunTime:0.000000s ]
NOTIC: [8] Use of undefined constant HTTP_HOST - assumed 'HTTP_HOST' E:\wamp\www\weixin\Application\Cache\Runtime\admin\Cache\Home\193d4c108a94ae3328009971a33392e2.php 第 65 行.
INFO: Run Behavior\ParseTemplateBehavior [ RunTime:0.015600s ]
INFO: [ view_parse ] --END-- [ RunTime:0.015600s ]
INFO: [ view_filter ] --START--
INFO: Run Behavior\WriteHtmlCacheBehavior [ RunTime:0.000000s ]
INFO: [ view_filter ] --END-- [ RunTime:0.000000s ]
INFO: [ app_end ] --START--
INFO: Run Behavior\ShowPageTraceBehavior [ RunTime:0.000000s ]
INFO: [ app_end ] --END-- [ RunTime:0.000000s ]

[ 2016-03-14T14:07:25+08:00 ] ::1 /weixin/admin.php/Home/Home.html
INFO: [ app_init ] --START--
INFO: Run Behavior\BuildLiteBehavior [ RunTime:0.000000s ]
INFO: [ app_init ] --END-- [ RunTime:0.000000s ]
INFO: [ app_begin ] --START--
INFO: Run Behavior\ReadHtmlCacheBehavior [ RunTime:0.000000s ]
INFO: [ app_begin ] --END-- [ RunTime:0.000000s ]
SQL: SHOW COLUMNS FROM `zytm_manage_user` [ RunTime:0.0000s ]
SQL: SELECT * FROM `zytm_manage_user` WHERE ( manage_email = '0@qq.com' )  [ RunTime:0.0000s ]
INFO: [ app_end ] --START--
INFO: Run Behavior\ShowPageTraceBehavior [ RunTime:0.000000s ]
INFO: [ app_end ] --END-- [ RunTime:0.000000s ]

[ 2016-03-14T14:07:28+08:00 ] ::1 /weixin/admin.php/Home/Home.html
INFO: [ app_init ] --START--
INFO: Run Behavior\BuildLiteBehavior [ RunTime:0.000000s ]
INFO: [ app_init ] --END-- [ RunTime:0.000000s ]
INFO: [ app_begin ] --START--
INFO: Run Behavior\ReadHtmlCacheBehavior [ RunTime:0.000000s ]
INFO: [ app_begin ] --END-- [ RunTime:0.000000s ]
SQL: SHOW COLUMNS FROM `zytm_manage_user` [ RunTime:0.0156s ]
SQL: SELECT * FROM `zytm_manage_user` WHERE ( manage_email = '0@qq.com' )  [ RunTime:0.0000s ]
INFO: [ app_end ] --START--
INFO: Run Behavior\ShowPageTraceBehavior [ RunTime:0.000000s ]
INFO: [ app_end ] --END-- [ RunTime:0.000000s ]

[ 2016-03-14T14:07:30+08:00 ] ::1 /weixin/admin.php/Home/Home.html
INFO: [ app_init ] --START--
INFO: Run Behavior\BuildLiteBehavior [ RunTime:0.000000s ]
INFO: [ app_init ] --END-- [ RunTime:0.000000s ]
INFO: [ app_begin ] --START--
INFO: Run Behavior\ReadHtmlCacheBehavior [ RunTime:0.000000s ]
INFO: [ app_begin ] --END-- [ RunTime:0.000000s ]
SQL: SHOW COLUMNS FROM `zytm_manage_user` [ RunTime:0.0000s ]
SQL: SELECT * FROM `zytm_manage_user` WHERE ( manage_email = '0@qq.com' )  [ RunTime:0.0000s ]
INFO: [ app_end ] --START--
INFO: Run Behavior\ShowPageTraceBehavior [ RunTime:0.000000s ]
INFO: [ app_end ] --END-- [ RunTime:0.000000s ]

[ 2016-03-14T14:07:31+08:00 ] ::1 /weixin/admin.php/Home/Home.html
INFO: [ app_init ] --START--
INFO: Run Behavior\BuildLiteBehavior [ RunTime:0.000000s ]
INFO: [ app_init ] --END-- [ RunTime:0.000000s ]
INFO: [ app_begin ] --START--
INFO: Run Behavior\ReadHtmlCacheBehavior [ RunTime:0.000000s ]
INFO: [ app_begin ] --END-- [ RunTime:0.000000s ]
SQL: SHOW COLUMNS FROM `zytm_manage_user` [ RunTime:0.0000s ]
SQL: SELECT * FROM `zytm_manage_user` WHERE ( manage_email = '0@qq.com' )  [ RunTime:0.0000s ]
INFO: [ app_end ] --START--
INFO: Run Behavior\ShowPageTraceBehavior [ RunTime:0.000000s ]
INFO: [ app_end ] --END-- [ RunTime:0.000000s ]

[ 2016-03-14T14:07:52+08:00 ] ::1 /weixin/admin.php/Home/Home.html
INFO: [ app_init ] --START--
INFO: Run Behavior\BuildLiteBehavior [ RunTime:0.000000s ]
INFO: [ app_init ] --END-- [ RunTime:0.000000s ]
INFO: [ app_begin ] --START--
INFO: Run Behavior\ReadHtmlCacheBehavior [ RunTime:0.000000s ]
INFO: [ app_begin ] --END-- [ RunTime:0.000000s ]
SQL: SHOW COLUMNS FROM `zytm_manage_user` [ RunTime:0.0000s ]
SQL: SELECT * FROM `zytm_manage_user` WHERE ( manage_email = '0@qq.com' )  [ RunTime:0.0000s ]
INFO: [ app_end ] --START--
INFO: Run Behavior\ShowPageTraceBehavior [ RunTime:0.000000s ]
INFO: [ app_end ] --END-- [ RunTime:0.000000s ]

[ 2016-03-14T14:08:05+08:00 ] ::1 /weixin/admin.php/Home/Home.html
INFO: [ app_init ] --START--
INFO: Run Behavior\BuildLiteBehavior [ RunTime:0.000000s ]
INFO: [ app_init ] --END-- [ RunTime:0.001000s ]
INFO: [ app_begin ] --START--
INFO: Run Behavior\ReadHtmlCacheBehavior [ RunTime:0.001000s ]
INFO: [ app_begin ] --END-- [ RunTime:0.001000s ]
SQL: SHOW COLUMNS FROM `zytm_manage_user` [ RunTime:0.0030s ]
SQL: SELECT * FROM `zytm_manage_user` WHERE ( manage_email = '' )  [ RunTime:0.0000s ]
NOTIC: [8] Undefined offset: 0 E:\wamp\www\weixin\Application\admin\Home\Common\function.php 第 15 行.
NOTIC: [2] array_key_exists() expects parameter 2 to be array, null given E:\wamp\www\weixin\Application\admin\Home\Common\function.php 第 15 行.
NOTIC: [8] Use of undefined constant flase - assumed 'flase' E:\wamp\www\weixin\Application\admin\Home\Common\function.php 第 23 行.
INFO: [ app_end ] --START--
INFO: Run Behavior\ShowPageTraceBehavior [ RunTime:0.001000s ]
INFO: [ app_end ] --END-- [ RunTime:0.001000s ]

[ 2016-03-14T14:08:07+08:00 ] ::1 /weixin/admin.php/Home/Home.html
INFO: [ app_init ] --START--
INFO: Run Behavior\BuildLiteBehavior [ RunTime:0.000000s ]
INFO: [ app_init ] --END-- [ RunTime:0.001000s ]
INFO: [ app_begin ] --START--
INFO: Run Behavior\ReadHtmlCacheBehavior [ RunTime:0.000000s ]
INFO: [ app_begin ] --END-- [ RunTime:0.001000s ]
SQL: SHOW COLUMNS FROM `zytm_manage_user` [ RunTime:0.0030s ]
SQL: SELECT * FROM `zytm_manage_user` WHERE ( manage_email = '' )  [ RunTime:0.0000s ]
NOTIC: [8] Undefined offset: 0 E:\wamp\www\weixin\Application\admin\Home\Common\function.php 第 15 行.
NOTIC: [2] array_key_exists() expects parameter 2 to be array, null given E:\wamp\www\weixin\Application\admin\Home\Common\function.php 第 15 行.
NOTIC: [8] Use of undefined constant flase - assumed 'flase' E:\wamp\www\weixin\Application\admin\Home\Common\function.php 第 23 行.
INFO: [ app_end ] --START--
INFO: Run Behavior\ShowPageTraceBehavior [ RunTime:0.001000s ]
INFO: [ app_end ] --END-- [ RunTime:0.001000s ]

[ 2016-03-14T14:08:08+08:00 ] ::1 /weixin/admin.php/Home/Home.html
INFO: [ app_init ] --START--
INFO: Run Behavior\BuildLiteBehavior [ RunTime:0.000000s ]
INFO: [ app_init ] --END-- [ RunTime:0.001000s ]
INFO: [ app_begin ] --START--
INFO: Run Behavior\ReadHtmlCacheBehavior [ RunTime:0.001000s ]
INFO: [ app_begin ] --END-- [ RunTime:0.001000s ]
SQL: SHOW COLUMNS FROM `zytm_manage_user` [ RunTime:0.0030s ]
SQL: SELECT * FROM `zytm_manage_user` WHERE ( manage_email = '' )  [ RunTime:0.0000s ]
NOTIC: [8] Undefined offset: 0 E:\wamp\www\weixin\Application\admin\Home\Common\function.php 第 15 行.
NOTIC: [2] array_key_exists() expects parameter 2 to be array, null given E:\wamp\www\weixin\Application\admin\Home\Common\function.php 第 15 行.
NOTIC: [8] Use of undefined constant flase - assumed 'flase' E:\wamp\www\weixin\Application\admin\Home\Common\function.php 第 23 行.
INFO: [ app_end ] --START--
INFO: Run Behavior\ShowPageTraceBehavior [ RunTime:0.001001s ]
INFO: [ app_end ] --END-- [ RunTime:0.001001s ]

[ 2016-03-14T14:08:09+08:00 ] ::1 /weixin/admin.php/Home/Home.html
INFO: [ app_init ] --START--
INFO: Run Behavior\BuildLiteBehavior [ RunTime:0.001000s ]
INFO: [ app_init ] --END-- [ RunTime:0.001000s ]
INFO: [ app_begin ] --START--
INFO: Run Behavior\ReadHtmlCacheBehavior [ RunTime:0.001000s ]
INFO: [ app_begin ] --END-- [ RunTime:0.001000s ]
SQL: SHOW COLUMNS FROM `zytm_manage_user` [ RunTime:0.0030s ]
SQL: SELECT * FROM `zytm_manage_user` WHERE ( manage_email = '' )  [ RunTime:0.0010s ]
NOTIC: [8] Undefined offset: 0 E:\wamp\www\weixin\Application\admin\Home\Common\function.php 第 15 行.
NOTIC: [2] array_key_exists() expects parameter 2 to be array, null given E:\wamp\www\weixin\Application\admin\Home\Common\function.php 第 15 行.
NOTIC: [8] Use of undefined constant flase - assumed 'flase' E:\wamp\www\weixin\Application\admin\Home\Common\function.php 第 23 行.
INFO: [ app_end ] --START--
INFO: Run Behavior\ShowPageTraceBehavior [ RunTime:0.001000s ]
INFO: [ app_end ] --END-- [ RunTime:0.001000s ]

[ 2016-03-14T14:09:10+08:00 ] ::1 /weixin/admin.php/Home/Home.html
INFO: [ app_init ] --START--
INFO: Run Behavior\BuildLiteBehavior [ RunTime:0.000000s ]
INFO: [ app_init ] --END-- [ RunTime:0.001000s ]
INFO: [ app_begin ] --START--
INFO: Run Behavior\ReadHtmlCacheBehavior [ RunTime:0.001000s ]
INFO: [ app_begin ] --END-- [ RunTime:0.001000s ]
SQL: SHOW COLUMNS FROM `zytm_manage_user` [ RunTime:0.0030s ]
SQL: SELECT * FROM `zytm_manage_user` WHERE ( manage_email = '' )  [ RunTime:0.0000s ]
NOTIC: [8] Undefined offset: 0 E:\wamp\www\weixin\Application\admin\Home\Common\function.php 第 16 行.
NOTIC: [2] array_key_exists() expects parameter 2 to be array, null given E:\wamp\www\weixin\Application\admin\Home\Common\function.php 第 16 行.
NOTIC: [8] Use of undefined constant flase - assumed 'flase' E:\wamp\www\weixin\Application\admin\Home\Common\function.php 第 24 行.
INFO: [ app_end ] --START--
INFO: Run Behavior\ShowPageTraceBehavior [ RunTime:0.001000s ]
INFO: [ app_end ] --END-- [ RunTime:0.001000s ]

[ 2016-03-14T14:09:12+08:00 ] ::1 /weixin/admin.php/Home/Home.html
INFO: [ app_init ] --START--
INFO: Run Behavior\BuildLiteBehavior [ RunTime:0.000000s ]
INFO: [ app_init ] --END-- [ RunTime:0.001000s ]
INFO: [ app_begin ] --START--
INFO: Run Behavior\ReadHtmlCacheBehavior [ RunTime:0.002000s ]
INFO: [ app_begin ] --END-- [ RunTime:0.002000s ]
SQL: SHOW COLUMNS FROM `zytm_manage_user` [ RunTime:0.0030s ]
SQL: SELECT * FROM `zytm_manage_user` WHERE ( manage_email = '' )  [ RunTime:0.0010s ]
NOTIC: [8] Undefined offset: 0 E:\wamp\www\weixin\Application\admin\Home\Common\function.php 第 16 行.
NOTIC: [2] array_key_exists() expects parameter 2 to be array, null given E:\wamp\www\weixin\Application\admin\Home\Common\function.php 第 16 行.
NOTIC: [8] Use of undefined constant flase - assumed 'flase' E:\wamp\www\weixin\Application\admin\Home\Common\function.php 第 24 行.
INFO: [ app_end ] --START--
INFO: Run Behavior\ShowPageTraceBehavior [ RunTime:0.000000s ]
INFO: [ app_end ] --END-- [ RunTime:0.002001s ]

[ 2016-03-14T14:09:19+08:00 ] ::1 /weixin/admin.php/Home/Home.html
INFO: [ app_init ] --START--
INFO: Run Behavior\BuildLiteBehavior [ RunTime:0.000000s ]
INFO: [ app_init ] --END-- [ RunTime:0.001000s ]
INFO: [ app_begin ] --START--
INFO: Run Behavior\ReadHtmlCacheBehavior [ RunTime:0.001000s ]
INFO: [ app_begin ] --END-- [ RunTime:0.001000s ]
SQL: SHOW COLUMNS FROM `zytm_manage_user` [ RunTime:0.0030s ]
SQL: SELECT * FROM `zytm_manage_user` WHERE ( manage_email = '' )  [ RunTime:0.0000s ]
NOTIC: [8] Undefined offset: 0 E:\wamp\www\weixin\Application\admin\Home\Common\function.php 第 16 行.
NOTIC: [2] array_key_exists() expects parameter 2 to be array, null given E:\wamp\www\weixin\Application\admin\Home\Common\function.php 第 16 行.
NOTIC: [8] Use of undefined constant flase - assumed 'flase' E:\wamp\www\weixin\Application\admin\Home\Common\function.php 第 24 行.
INFO: [ app_end ] --START--
INFO: Run Behavior\ShowPageTraceBehavior [ RunTime:0.001000s ]
INFO: [ app_end ] --END-- [ RunTime:0.001000s ]

[ 2016-03-14T14:09:25+08:00 ] ::1 /weixin/admin.php
INFO: [ app_init ] --START--
INFO: Run Behavior\BuildLiteBehavior [ RunTime:0.000000s ]
INFO: [ app_init ] --END-- [ RunTime:0.001000s ]
INFO: [ app_begin ] --START--
INFO: Run Behavior\ReadHtmlCacheBehavior [ RunTime:0.001000s ]
INFO: [ app_begin ] --END-- [ RunTime:0.001000s ]
INFO: [ view_parse ] --START--
INFO: [ template_filter ] --START--
INFO: Run Behavior\ContentReplaceBehavior [ RunTime:0.001000s ]
INFO: [ template_filter ] --END-- [ RunTime:0.001000s ]
INFO: Run Behavior\ParseTemplateBehavior [ RunTime:0.014001s ]
INFO: [ view_parse ] --END-- [ RunTime:0.014001s ]
INFO: [ view_filter ] --START--
INFO: Run Behavior\WriteHtmlCacheBehavior [ RunTime:0.001000s ]
INFO: [ view_filter ] --END-- [ RunTime:0.001000s ]
INFO: [ app_end ] --START--
INFO: Run Behavior\ShowPageTraceBehavior [ RunTime:0.001000s ]
INFO: [ app_end ] --END-- [ RunTime:0.001000s ]

[ 2016-03-14T14:09:25+08:00 ] ::1 /weixin/admin.php/Home/Index/Verify.html
INFO: [ app_init ] --START--
INFO: Run Behavior\BuildLiteBehavior [ RunTime:0.000000s ]
INFO: [ app_init ] --END-- [ RunTime:0.000000s ]
INFO: [ app_begin ] --START--
INFO: Run Behavior\ReadHtmlCacheBehavior [ RunTime:0.001000s ]
INFO: [ app_begin ] --END-- [ RunTime:0.001000s ]
INFO: [ app_end ] --START--
INFO: Run Behavior\ShowPageTraceBehavior [ RunTime:0.001000s ]
INFO: [ app_end ] --END-- [ RunTime:0.001000s ]

[ 2016-03-14T14:09:30+08:00 ] ::1 /weixin/admin.php/Home/Index/CheckLoginfo.html
INFO: [ app_init ] --START--
INFO: Run Behavior\BuildLiteBehavior [ RunTime:0.000000s ]
INFO: [ app_init ] --END-- [ RunTime:0.000000s ]
INFO: [ app_begin ] --START--
INFO: Run Behavior\ReadHtmlCacheBehavior [ RunTime:0.000000s ]
INFO: [ app_begin ] --END-- [ RunTime:0.000000s ]
SQL: SHOW COLUMNS FROM `zytm_manage_user` [ RunTime:0.0000s ]
SQL: SELECT * FROM `zytm_manage_user` WHERE ( manage_email = '0@qq.com' )  [ RunTime:0.0000s ]
INFO: [ view_parse ] --START--
INFO: [ template_filter ] --START--
INFO: Run Behavior\ContentReplaceBehavior [ RunTime:0.000000s ]
INFO: [ template_filter ] --END-- [ RunTime:0.000000s ]
NOTIC: [8] Use of undefined constant HTTP_HOST - assumed 'HTTP_HOST' E:\wamp\www\weixin\Application\Cache\Runtime\admin\Cache\Home\193d4c108a94ae3328009971a33392e2.php 第 65 行.
INFO: Run Behavior\ParseTemplateBehavior [ RunTime:0.015600s ]
INFO: [ view_parse ] --END-- [ RunTime:0.015600s ]
INFO: [ view_filter ] --START--
INFO: Run Behavior\WriteHtmlCacheBehavior [ RunTime:0.000000s ]
INFO: [ view_filter ] --END-- [ RunTime:0.000000s ]
INFO: [ app_end ] --START--
INFO: Run Behavior\ShowPageTraceBehavior [ RunTime:0.000000s ]
INFO: [ app_end ] --END-- [ RunTime:0.000000s ]

[ 2016-03-14T14:09:31+08:00 ] ::1 /weixin/admin.php/Home/Home.html
INFO: [ app_init ] --START--
INFO: Run Behavior\BuildLiteBehavior [ RunTime:0.000000s ]
INFO: [ app_init ] --END-- [ RunTime:0.000000s ]
INFO: [ app_begin ] --START--
INFO: Run Behavior\ReadHtmlCacheBehavior [ RunTime:0.015600s ]
INFO: [ app_begin ] --END-- [ RunTime:0.015600s ]
SQL: SHOW COLUMNS FROM `zytm_manage_user` [ RunTime:0.0000s ]
SQL: SELECT * FROM `zytm_manage_user` WHERE ( manage_email = '0@qq.com' )  [ RunTime:0.0000s ]
INFO: [ app_end ] --START--
INFO: Run Behavior\ShowPageTraceBehavior [ RunTime:0.000000s ]
INFO: [ app_end ] --END-- [ RunTime:0.000000s ]

[ 2016-03-14T14:09:35+08:00 ] ::1 /weixin/admin.php/Home/Home.html
INFO: [ app_init ] --START--
INFO: Run Behavior\BuildLiteBehavior [ RunTime:0.000000s ]
INFO: [ app_init ] --END-- [ RunTime:0.000000s ]
INFO: [ app_begin ] --START--
INFO: Run Behavior\ReadHtmlCacheBehavior [ RunTime:0.000000s ]
INFO: [ app_begin ] --END-- [ RunTime:0.000000s ]
SQL: SHOW COLUMNS FROM `zytm_manage_user` [ RunTime:0.0000s ]
SQL: SELECT * FROM `zytm_manage_user` WHERE ( manage_email = '0@qq.com' )  [ RunTime:0.0000s ]
INFO: [ app_end ] --START--
INFO: Run Behavior\ShowPageTraceBehavior [ RunTime:0.000000s ]
INFO: [ app_end ] --END-- [ RunTime:0.000000s ]

[ 2016-03-14T14:09:37+08:00 ] ::1 /weixin/admin.php/Home/Home.html
INFO: [ app_init ] --START--
INFO: Run Behavior\BuildLiteBehavior [ RunTime:0.000000s ]
INFO: [ app_init ] --END-- [ RunTime:0.000000s ]
INFO: [ app_begin ] --START--
INFO: Run Behavior\ReadHtmlCacheBehavior [ RunTime:0.000000s ]
INFO: [ app_begin ] --END-- [ RunTime:0.000000s ]
SQL: SHOW COLUMNS FROM `zytm_manage_user` [ RunTime:0.0156s ]
SQL: SELECT * FROM `zytm_manage_user` WHERE ( manage_email = '0@qq.com' )  [ RunTime:0.0000s ]
INFO: [ app_end ] --START--
INFO: Run Behavior\ShowPageTraceBehavior [ RunTime:0.000000s ]
INFO: [ app_end ] --END-- [ RunTime:0.000000s ]

[ 2016-03-14T14:09:39+08:00 ] ::1 /weixin/admin.php/Home/Home.html
INFO: [ app_init ] --START--
INFO: Run Behavior\BuildLiteBehavior [ RunTime:0.000000s ]
INFO: [ app_init ] --END-- [ RunTime:0.000000s ]
INFO: [ app_begin ] --START--
INFO: Run Behavior\ReadHtmlCacheBehavior [ RunTime:0.000000s ]
INFO: [ app_begin ] --END-- [ RunTime:0.015600s ]
SQL: SHOW COLUMNS FROM `zytm_manage_user` [ RunTime:0.0156s ]
SQL: SELECT * FROM `zytm_manage_user` WHERE ( manage_email = '0@qq.com' )  [ RunTime:0.0000s ]
INFO: [ app_end ] --START--
INFO: Run Behavior\ShowPageTraceBehavior [ RunTime:0.000000s ]
INFO: [ app_end ] --END-- [ RunTime:0.000000s ]

[ 2016-03-14T14:09:54+08:00 ] ::1 /weixin/admin.php/Home/Home.html
INFO: [ app_init ] --START--
INFO: Run Behavior\BuildLiteBehavior [ RunTime:0.000000s ]
INFO: [ app_init ] --END-- [ RunTime:0.000000s ]
INFO: [ app_begin ] --START--
INFO: Run Behavior\ReadHtmlCacheBehavior [ RunTime:0.000000s ]
INFO: [ app_begin ] --END-- [ RunTime:0.000000s ]
SQL: SHOW COLUMNS FROM `zytm_manage_user` [ RunTime:0.0000s ]
SQL: SELECT * FROM `zytm_manage_user` WHERE ( manage_email = '' )  [ RunTime:0.0000s ]
NOTIC: [8] Undefined offset: 0 E:\wamp\www\weixin\Application\admin\Home\Common\function.php 第 16 行.
NOTIC: [2] array_key_exists() expects parameter 2 to be array, null given E:\wamp\www\weixin\Application\admin\Home\Common\function.php 第 16 行.
NOTIC: [8] Use of undefined constant flase - assumed 'flase' E:\wamp\www\weixin\Application\admin\Home\Common\function.php 第 24 行.
INFO: [ app_end ] --START--
INFO: Run Behavior\ShowPageTraceBehavior [ RunTime:0.000000s ]
INFO: [ app_end ] --END-- [ RunTime:0.000000s ]

[ 2016-03-14T14:14:27+08:00 ] ::1 /weixin/admin.php/Home/Home.html
INFO: [ app_init ] --START--
INFO: Run Behavior\BuildLiteBehavior [ RunTime:0.000000s ]
INFO: [ app_init ] --END-- [ RunTime:0.001000s ]
INFO: [ app_begin ] --START--
INFO: Run Behavior\ReadHtmlCacheBehavior [ RunTime:0.001000s ]
INFO: [ app_begin ] --END-- [ RunTime:0.001000s ]
SQL: SHOW COLUMNS FROM `zytm_manage_user` [ RunTime:0.0110s ]
SQL: SELECT * FROM `zytm_manage_user` WHERE ( manage_email = '' )  [ RunTime:0.0000s ]
NOTIC: [8] Undefined offset: 0 E:\wamp\www\weixin\Application\admin\Home\Common\function.php 第 16 行.
NOTIC: [2] array_key_exists() expects parameter 2 to be array, null given E:\wamp\www\weixin\Application\admin\Home\Common\function.php 第 16 行.
NOTIC: [8] Use of undefined constant flase - assumed 'flase' E:\wamp\www\weixin\Application\admin\Home\Common\function.php 第 24 行.
INFO: [ app_end ] --START--
INFO: Run Behavior\ShowPageTraceBehavior [ RunTime:0.001000s ]
INFO: [ app_end ] --END-- [ RunTime:0.001000s ]

[ 2016-03-14T14:15:13+08:00 ] ::1 /weixin/admin.php/Home/Home.html
INFO: [ app_init ] --START--
INFO: Run Behavior\BuildLiteBehavior [ RunTime:0.000000s ]
INFO: [ app_init ] --END-- [ RunTime:0.001000s ]
INFO: [ app_begin ] --START--
INFO: Run Behavior\ReadHtmlCacheBehavior [ RunTime:0.001000s ]
INFO: [ app_begin ] --END-- [ RunTime:0.001000s ]
SQL: SHOW COLUMNS FROM `zytm_manage_user` [ RunTime:0.0030s ]
SQL: SELECT * FROM `zytm_manage_user` WHERE ( manage_email = '' )  [ RunTime:0.0000s ]
NOTIC: [8] Undefined offset: 0 E:\wamp\www\weixin\Application\admin\Home\Common\function.php 第 16 行.
NOTIC: [2] array_key_exists() expects parameter 2 to be array, null given E:\wamp\www\weixin\Application\admin\Home\Common\function.php 第 16 行.
NOTIC: [8] Use of undefined constant flase - assumed 'flase' E:\wamp\www\weixin\Application\admin\Home\Common\function.php 第 24 行.
INFO: [ app_end ] --START--
INFO: Run Behavior\ShowPageTraceBehavior [ RunTime:0.001000s ]
INFO: [ app_end ] --END-- [ RunTime:0.001000s ]

[ 2016-03-14T14:16:52+08:00 ] ::1 /weixin/admin.php/Home/Home.html
INFO: [ app_init ] --START--
INFO: Run Behavior\BuildLiteBehavior [ RunTime:0.000000s ]
INFO: [ app_init ] --END-- [ RunTime:0.001000s ]
INFO: [ app_begin ] --START--
INFO: Run Behavior\ReadHtmlCacheBehavior [ RunTime:0.001000s ]
INFO: [ app_begin ] --END-- [ RunTime:0.001000s ]
INFO: [ app_end ] --START--
INFO: Run Behavior\ShowPageTraceBehavior [ RunTime:0.001000s ]
INFO: [ app_end ] --END-- [ RunTime:0.001000s ]

[ 2016-03-14T14:16:52+08:00 ] ::1 /weixin/admin.php
INFO: [ app_init ] --START--
INFO: Run Behavior\BuildLiteBehavior [ RunTime:0.000000s ]
INFO: [ app_init ] --END-- [ RunTime:0.001000s ]
INFO: [ app_begin ] --START--
INFO: Run Behavior\ReadHtmlCacheBehavior [ RunTime:0.001000s ]
INFO: [ app_begin ] --END-- [ RunTime:0.001000s ]
INFO: [ view_parse ] --START--
INFO: [ template_filter ] --START--
INFO: Run Behavior\ContentReplaceBehavior [ RunTime:0.000000s ]
INFO: [ template_filter ] --END-- [ RunTime:0.000000s ]
INFO: Run Behavior\ParseTemplateBehavior [ RunTime:0.014000s ]
INFO: [ view_parse ] --END-- [ RunTime:0.014000s ]
INFO: [ view_filter ] --START--
INFO: Run Behavior\WriteHtmlCacheBehavior [ RunTime:0.001000s ]
INFO: [ view_filter ] --END-- [ RunTime:0.001000s ]
INFO: [ app_end ] --START--
INFO: Run Behavior\ShowPageTraceBehavior [ RunTime:0.001000s ]
INFO: [ app_end ] --END-- [ RunTime:0.001000s ]

[ 2016-03-14T14:16:52+08:00 ] ::1 /weixin/admin.php/Home/Index/Verify.html
INFO: [ app_init ] --START--
INFO: Run Behavior\BuildLiteBehavior [ RunTime:0.000000s ]
INFO: [ app_init ] --END-- [ RunTime:0.001000s ]
INFO: [ app_begin ] --START--
INFO: Run Behavior\ReadHtmlCacheBehavior [ RunTime:0.001000s ]
INFO: [ app_begin ] --END-- [ RunTime:0.001000s ]
INFO: [ app_end ] --START--
INFO: Run Behavior\ShowPageTraceBehavior [ RunTime:0.001000s ]
INFO: [ app_end ] --END-- [ RunTime:0.001000s ]

[ 2016-03-14T14:16:58+08:00 ] ::1 /weixin/admin.php/Home/Index/CheckLoginfo.html
INFO: [ app_init ] --START--
INFO: Run Behavior\BuildLiteBehavior [ RunTime:0.000000s ]
INFO: [ app_init ] --END-- [ RunTime:0.000000s ]
INFO: [ app_begin ] --START--
INFO: Run Behavior\ReadHtmlCacheBehavior [ RunTime:0.001000s ]
INFO: [ app_begin ] --END-- [ RunTime:0.001000s ]
SQL: SHOW COLUMNS FROM `zytm_manage_user` [ RunTime:0.0030s ]
SQL: SELECT * FROM `zytm_manage_user` WHERE ( manage_email = '0@qq.com' )  [ RunTime:0.0010s ]
INFO: [ view_parse ] --START--
INFO: [ template_filter ] --START--
INFO: Run Behavior\ContentReplaceBehavior [ RunTime:0.000000s ]
INFO: [ template_filter ] --END-- [ RunTime:0.000000s ]
NOTIC: [8] Use of undefined constant HTTP_HOST - assumed 'HTTP_HOST' E:\wamp\www\weixin\Application\Cache\Runtime\admin\Cache\Home\193d4c108a94ae3328009971a33392e2.php 第 65 行.
INFO: Run Behavior\ParseTemplateBehavior [ RunTime:0.010001s ]
INFO: [ view_parse ] --END-- [ RunTime:0.010001s ]
INFO: [ view_filter ] --START--
INFO: Run Behavior\WriteHtmlCacheBehavior [ RunTime:0.000000s ]
INFO: [ view_filter ] --END-- [ RunTime:0.000000s ]
INFO: [ app_end ] --START--
INFO: Run Behavior\ShowPageTraceBehavior [ RunTime:0.001000s ]
INFO: [ app_end ] --END-- [ RunTime:0.001000s ]

[ 2016-03-14T14:16:59+08:00 ] ::1 /weixin/admin.php/Home/Home.html
INFO: [ app_init ] --START--
INFO: Run Behavior\BuildLiteBehavior [ RunTime:0.001000s ]
INFO: [ app_init ] --END-- [ RunTime:0.001000s ]
INFO: [ app_begin ] --START--
INFO: Run Behavior\ReadHtmlCacheBehavior [ RunTime:0.001000s ]
INFO: [ app_begin ] --END-- [ RunTime:0.001000s ]
SQL: SHOW COLUMNS FROM `zytm_manage_user` [ RunTime:0.0030s ]
SQL: SELECT * FROM `zytm_manage_user` WHERE ( manage_email = '0@qq.com' )  [ RunTime:0.0010s ]
INFO: [ app_end ] --START--
INFO: Run Behavior\ShowPageTraceBehavior [ RunTime:0.001000s ]
INFO: [ app_end ] --END-- [ RunTime:0.001000s ]

[ 2016-03-14T14:17:23+08:00 ] ::1 /weixin/admin.php/Home/Home.html
INFO: [ app_init ] --START--
INFO: Run Behavior\BuildLiteBehavior [ RunTime:0.000000s ]
INFO: [ app_init ] --END-- [ RunTime:0.000000s ]
INFO: [ app_begin ] --START--
INFO: Run Behavior\ReadHtmlCacheBehavior [ RunTime:0.000000s ]
INFO: [ app_begin ] --END-- [ RunTime:0.000000s ]
SQL: SHOW COLUMNS FROM `zytm_manage_user` [ RunTime:0.0000s ]
SQL: SELECT * FROM `zytm_manage_user` WHERE ( manage_email = '0@qq.com' )  [ RunTime:0.0000s ]
INFO: [ app_end ] --START--
INFO: Run Behavior\ShowPageTraceBehavior [ RunTime:0.000000s ]
INFO: [ app_end ] --END-- [ RunTime:0.000000s ]

[ 2016-03-14T14:22:00+08:00 ] ::1 /weixin/admin.php/Home/Home.html
INFO: [ app_init ] --START--
INFO: Run Behavior\BuildLiteBehavior [ RunTime:0.000000s ]
INFO: [ app_init ] --END-- [ RunTime:0.001000s ]
INFO: [ app_begin ] --START--
INFO: Run Behavior\ReadHtmlCacheBehavior [ RunTime:0.001000s ]
INFO: [ app_begin ] --END-- [ RunTime:0.001000s ]
INFO: [ app_end ] --START--
INFO: Run Behavior\ShowPageTraceBehavior [ RunTime:0.001000s ]
INFO: [ app_end ] --END-- [ RunTime:0.001000s ]

[ 2016-03-14T14:22:00+08:00 ] ::1 /weixin/admin.php
INFO: [ app_init ] --START--
INFO: Run Behavior\BuildLiteBehavior [ RunTime:0.000000s ]
INFO: [ app_init ] --END-- [ RunTime:0.001000s ]
INFO: [ app_begin ] --START--
INFO: Run Behavior\ReadHtmlCacheBehavior [ RunTime:0.001001s ]
INFO: [ app_begin ] --END-- [ RunTime:0.001001s ]
INFO: [ view_parse ] --START--
INFO: [ template_filter ] --START--
INFO: Run Behavior\ContentReplaceBehavior [ RunTime:0.000000s ]
INFO: [ template_filter ] --END-- [ RunTime:0.000000s ]
INFO: Run Behavior\ParseTemplateBehavior [ RunTime:0.013000s ]
INFO: [ view_parse ] --END-- [ RunTime:0.014000s ]
INFO: [ view_filter ] --START--
INFO: Run Behavior\WriteHtmlCacheBehavior [ RunTime:0.001001s ]
INFO: [ view_filter ] --END-- [ RunTime:0.001001s ]
INFO: [ app_end ] --START--
INFO: Run Behavior\ShowPageTraceBehavior [ RunTime:0.001000s ]
INFO: [ app_end ] --END-- [ RunTime:0.001000s ]

[ 2016-03-14T14:22:00+08:00 ] ::1 /weixin/admin.php/Home/Index/Verify.html
INFO: [ app_init ] --START--
INFO: Run Behavior\BuildLiteBehavior [ RunTime:0.000000s ]
INFO: [ app_init ] --END-- [ RunTime:0.001000s ]
INFO: [ app_begin ] --START--
INFO: Run Behavior\ReadHtmlCacheBehavior [ RunTime:0.001000s ]
INFO: [ app_begin ] --END-- [ RunTime:0.001000s ]
INFO: [ app_end ] --START--
INFO: Run Behavior\ShowPageTraceBehavior [ RunTime:0.001000s ]
INFO: [ app_end ] --END-- [ RunTime:0.001000s ]

[ 2016-03-14T17:10:37+08:00 ] 192.168.0.93 /weixin/admin.php
INFO: [ app_init ] --START--
INFO: Run Behavior\BuildLiteBehavior [ RunTime:0.000000s ]
INFO: [ app_init ] --END-- [ RunTime:0.001000s ]
INFO: [ app_begin ] --START--
INFO: Run Behavior\ReadHtmlCacheBehavior [ RunTime:0.001000s ]
INFO: [ app_begin ] --END-- [ RunTime:0.001000s ]
INFO: [ view_parse ] --START--
INFO: [ template_filter ] --START--
INFO: Run Behavior\ContentReplaceBehavior [ RunTime:0.000000s ]
INFO: [ template_filter ] --END-- [ RunTime:0.000000s ]
INFO: Run Behavior\ParseTemplateBehavior [ RunTime:0.051003s ]
INFO: [ view_parse ] --END-- [ RunTime:0.051003s ]
INFO: [ view_filter ] --START--
INFO: Run Behavior\WriteHtmlCacheBehavior [ RunTime:0.001000s ]
INFO: [ view_filter ] --END-- [ RunTime:0.001000s ]
INFO: [ app_end ] --START--
INFO: Run Behavior\ShowPageTraceBehavior [ RunTime:0.001000s ]
INFO: [ app_end ] --END-- [ RunTime:0.001000s ]

[ 2016-03-14T17:10:37+08:00 ] 192.168.0.93 /weixin/admin.php/Home/Index/Verify.html
INFO: [ app_init ] --START--
INFO: Run Behavior\BuildLiteBehavior [ RunTime:0.000000s ]
INFO: [ app_init ] --END-- [ RunTime:0.001000s ]
INFO: [ app_begin ] --START--
INFO: Run Behavior\ReadHtmlCacheBehavior [ RunTime:0.001000s ]
INFO: [ app_begin ] --END-- [ RunTime:0.033002s ]
INFO: [ app_end ] --START--
INFO: Run Behavior\ShowPageTraceBehavior [ RunTime:0.001000s ]
INFO: [ app_end ] --END-- [ RunTime:0.001000s ]

[ 2016-03-14T17:10:47+08:00 ] 192.168.0.93 /weixin/admin.php/Home/Index/CheckLoginfo.html
INFO: [ app_init ] --START--
INFO: Run Behavior\BuildLiteBehavior [ RunTime:0.000000s ]
INFO: [ app_init ] --END-- [ RunTime:0.001000s ]
INFO: [ app_begin ] --START--
INFO: Run Behavior\ReadHtmlCacheBehavior [ RunTime:0.001000s ]
INFO: [ app_begin ] --END-- [ RunTime:0.001000s ]
SQL: SHOW COLUMNS FROM `zytm_manage_user` [ RunTime:0.0350s ]
SQL: SELECT * FROM `zytm_manage_user` WHERE ( manage_email = '0@qq.com' )  [ RunTime:0.0000s ]
INFO: [ view_parse ] --START--
INFO: [ template_filter ] --START--
INFO: Run Behavior\ContentReplaceBehavior [ RunTime:0.000000s ]
INFO: [ template_filter ] --END-- [ RunTime:0.000000s ]
NOTIC: [8] Use of undefined constant HTTP_HOST - assumed 'HTTP_HOST' E:\wamp\www\weixin\Application\Cache\Runtime\admin\Cache\Home\193d4c108a94ae3328009971a33392e2.php 第 65 行.
INFO: Run Behavior\ParseTemplateBehavior [ RunTime:0.021001s ]
INFO: [ view_parse ] --END-- [ RunTime:0.021001s ]
INFO: [ view_filter ] --START--
INFO: Run Behavior\WriteHtmlCacheBehavior [ RunTime:0.001001s ]
INFO: [ view_filter ] --END-- [ RunTime:0.001001s ]
INFO: [ app_end ] --START--
INFO: Run Behavior\ShowPageTraceBehavior [ RunTime:0.001000s ]
INFO: [ app_end ] --END-- [ RunTime:0.001000s ]

[ 2016-03-14T17:10:48+08:00 ] 192.168.0.93 /weixin/admin.php/Home/Home.html
INFO: [ app_init ] --START--
INFO: Run Behavior\BuildLiteBehavior [ RunTime:0.000000s ]
INFO: [ app_init ] --END-- [ RunTime:0.001000s ]
INFO: [ app_begin ] --START--
INFO: Run Behavior\ReadHtmlCacheBehavior [ RunTime:0.002000s ]
INFO: [ app_begin ] --END-- [ RunTime:0.002000s ]
SQL: SHOW COLUMNS FROM `zytm_manage_user` [ RunTime:0.0030s ]
SQL: SELECT * FROM `zytm_manage_user` WHERE ( manage_email = '0@qq.com' )  [ RunTime:0.0000s ]
INFO: [ app_end ] --START--
INFO: Run Behavior\ShowPageTraceBehavior [ RunTime:0.001000s ]
INFO: [ app_end ] --END-- [ RunTime:0.001000s ]

[ 2016-03-14T17:10:50+08:00 ] 192.168.0.93 /weixin/admin.php/Home/Home.html
INFO: [ app_init ] --START--
INFO: Run Behavior\BuildLiteBehavior [ RunTime:0.000000s ]
INFO: [ app_init ] --END-- [ RunTime:0.001000s ]
INFO: [ app_begin ] --START--
INFO: Run Behavior\ReadHtmlCacheBehavior [ RunTime:0.001000s ]
INFO: [ app_begin ] --END-- [ RunTime:0.002000s ]
SQL: SHOW COLUMNS FROM `zytm_manage_user` [ RunTime:0.0030s ]
SQL: SELECT * FROM `zytm_manage_user` WHERE ( manage_email = '0@qq.com' )  [ RunTime:0.0010s ]
INFO: [ app_end ] --START--
INFO: Run Behavior\ShowPageTraceBehavior [ RunTime:0.001000s ]
INFO: [ app_end ] --END-- [ RunTime:0.001000s ]

[ 2016-03-14T17:25:59+08:00 ] 192.168.0.93 /weixin/admin.php/Home/Home.html
INFO: [ app_init ] --START--
INFO: Run Behavior\BuildLiteBehavior [ RunTime:0.000000s ]
INFO: [ app_init ] --END-- [ RunTime:0.000000s ]
INFO: [ app_begin ] --START--
INFO: Run Behavior\ReadHtmlCacheBehavior [ RunTime:0.000000s ]
INFO: [ app_begin ] --END-- [ RunTime:0.000000s ]
SQL: SHOW COLUMNS FROM `zytm_manage_user` [ RunTime:0.0000s ]
SQL: SELECT * FROM `zytm_manage_user` WHERE ( manage_email = '0@qq.com' )  [ RunTime:0.0000s ]
INFO: [ app_end ] --START--
INFO: Run Behavior\ShowPageTraceBehavior [ RunTime:0.000000s ]
INFO: [ app_end ] --END-- [ RunTime:0.000000s ]

[ 2016-03-14T17:26:01+08:00 ] 192.168.0.93 /weixin/admin.php/Home/Home.html
INFO: [ app_init ] --START--
INFO: Run Behavior\BuildLiteBehavior [ RunTime:0.000000s ]
INFO: [ app_init ] --END-- [ RunTime:0.000000s ]
INFO: [ app_begin ] --START--
INFO: Run Behavior\ReadHtmlCacheBehavior [ RunTime:0.000000s ]
INFO: [ app_begin ] --END-- [ RunTime:0.000000s ]
SQL: SHOW COLUMNS FROM `zytm_manage_user` [ RunTime:0.0000s ]
SQL: SELECT * FROM `zytm_manage_user` WHERE ( manage_email = '0@qq.com' )  [ RunTime:0.0000s ]
INFO: [ app_end ] --START--
INFO: Run Behavior\ShowPageTraceBehavior [ RunTime:0.000000s ]
INFO: [ app_end ] --END-- [ RunTime:0.000000s ]

[ 2016-03-14T17:27:09+08:00 ] 192.168.0.93 /weixin/admin.php/Home/Home.html
INFO: [ app_init ] --START--
INFO: Run Behavior\BuildLiteBehavior [ RunTime:0.000000s ]
INFO: [ app_init ] --END-- [ RunTime:0.000000s ]
INFO: [ app_begin ] --START--
INFO: Run Behavior\ReadHtmlCacheBehavior [ RunTime:0.000000s ]
INFO: [ app_begin ] --END-- [ RunTime:0.000000s ]
SQL: SHOW COLUMNS FROM `zytm_manage_user` [ RunTime:0.0000s ]
SQL: SELECT * FROM `zytm_manage_user` WHERE ( manage_email = '0@qq.com' )  [ RunTime:0.0000s ]
INFO: [ app_end ] --START--
INFO: Run Behavior\ShowPageTraceBehavior [ RunTime:0.000000s ]
INFO: [ app_end ] --END-- [ RunTime:0.000000s ]

[ 2016-03-14T17:27:31+08:00 ] 192.168.0.93 /weixin/admin.php/Home/Home.html
INFO: [ app_init ] --START--
INFO: Run Behavior\BuildLiteBehavior [ RunTime:0.000000s ]
INFO: [ app_init ] --END-- [ RunTime:0.000000s ]
INFO: [ app_begin ] --START--
INFO: Run Behavior\ReadHtmlCacheBehavior [ RunTime:0.000000s ]
INFO: [ app_begin ] --END-- [ RunTime:0.000000s ]
SQL: SHOW COLUMNS FROM `zytm_manage_user` [ RunTime:0.0000s ]
SQL: SELECT * FROM `zytm_manage_user` WHERE ( manage_email = '0@qq.com' )  [ RunTime:0.0000s ]
INFO: [ app_end ] --START--
INFO: Run Behavior\ShowPageTraceBehavior [ RunTime:0.000000s ]
INFO: [ app_end ] --END-- [ RunTime:0.000000s ]

[ 2016-03-14T17:27:33+08:00 ] 192.168.0.93 /weixin/admin.php/Home/Home.html
INFO: [ app_init ] --START--
INFO: Run Behavior\BuildLiteBehavior [ RunTime:0.000000s ]
INFO: [ app_init ] --END-- [ RunTime:0.000000s ]
INFO: [ app_begin ] --START--
INFO: Run Behavior\ReadHtmlCacheBehavior [ RunTime:0.000000s ]
INFO: [ app_begin ] --END-- [ RunTime:0.000000s ]
SQL: SHOW COLUMNS FROM `zytm_manage_user` [ RunTime:0.0000s ]
SQL: SELECT * FROM `zytm_manage_user` WHERE ( manage_email = '0@qq.com' )  [ RunTime:0.0000s ]
INFO: [ app_end ] --START--
INFO: Run Behavior\ShowPageTraceBehavior [ RunTime:0.000000s ]
INFO: [ app_end ] --END-- [ RunTime:0.000000s ]

[ 2016-03-14T17:29:32+08:00 ] 192.168.0.93 /weixin/admin.php/Home/Home.html
INFO: [ app_init ] --START--
INFO: Run Behavior\BuildLiteBehavior [ RunTime:0.000000s ]
INFO: [ app_init ] --END-- [ RunTime:0.000000s ]
INFO: [ app_begin ] --START--
INFO: Run Behavior\ReadHtmlCacheBehavior [ RunTime:0.000000s ]
INFO: [ app_begin ] --END-- [ RunTime:0.000000s ]
SQL: SHOW COLUMNS FROM `zytm_manage_user` [ RunTime:0.0000s ]
SQL: SELECT * FROM `zytm_manage_user` WHERE ( manage_email = '0@qq.com' )  [ RunTime:0.0156s ]
INFO: [ app_end ] --START--
INFO: Run Behavior\ShowPageTraceBehavior [ RunTime:0.000000s ]
INFO: [ app_end ] --END-- [ RunTime:0.000000s ]

[ 2016-03-14T17:31:43+08:00 ] 192.168.0.93 /weixin/admin.php
INFO: [ app_init ] --START--
INFO: Run Behavior\BuildLiteBehavior [ RunTime:0.000000s ]
INFO: [ app_init ] --END-- [ RunTime:0.000000s ]
INFO: [ app_begin ] --START--
INFO: Run Behavior\ReadHtmlCacheBehavior [ RunTime:0.000000s ]
INFO: [ app_begin ] --END-- [ RunTime:0.000000s ]
INFO: [ view_parse ] --START--
INFO: [ template_filter ] --START--
INFO: Run Behavior\ContentReplaceBehavior [ RunTime:0.000000s ]
INFO: [ template_filter ] --END-- [ RunTime:0.000000s ]
INFO: Run Behavior\ParseTemplateBehavior [ RunTime:0.015600s ]
INFO: [ view_parse ] --END-- [ RunTime:0.015600s ]
INFO: [ view_filter ] --START--
INFO: Run Behavior\WriteHtmlCacheBehavior [ RunTime:0.000000s ]
INFO: [ view_filter ] --END-- [ RunTime:0.000000s ]
INFO: [ app_end ] --START--
INFO: Run Behavior\ShowPageTraceBehavior [ RunTime:0.000000s ]
INFO: [ app_end ] --END-- [ RunTime:0.000000s ]

[ 2016-03-14T17:31:43+08:00 ] 192.168.0.93 /weixin/admin.php/Home/Index/Verify.html
INFO: [ app_init ] --START--
INFO: Run Behavior\BuildLiteBehavior [ RunTime:0.000000s ]
INFO: [ app_init ] --END-- [ RunTime:0.000000s ]
INFO: [ app_begin ] --START--
INFO: Run Behavior\ReadHtmlCacheBehavior [ RunTime:0.000000s ]
INFO: [ app_begin ] --END-- [ RunTime:0.000000s ]
INFO: [ app_end ] --START--
INFO: Run Behavior\ShowPageTraceBehavior [ RunTime:0.000000s ]
INFO: [ app_end ] --END-- [ RunTime:0.000000s ]

[ 2016-03-14T17:31:53+08:00 ] 192.168.0.93 /weixin/admin.php/Home/Index/CheckLoginfo.html
INFO: [ app_init ] --START--
INFO: Run Behavior\BuildLiteBehavior [ RunTime:0.000000s ]
INFO: [ app_init ] --END-- [ RunTime:0.000000s ]
INFO: [ app_begin ] --START--
INFO: Run Behavior\ReadHtmlCacheBehavior [ RunTime:0.000000s ]
INFO: [ app_begin ] --END-- [ RunTime:0.000000s ]
SQL: SHOW COLUMNS FROM `zytm_manage_user` [ RunTime:0.0156s ]
SQL: SELECT * FROM `zytm_manage_user` WHERE ( manage_email = '0@qq.com' )  [ RunTime:0.0000s ]
INFO: [ view_parse ] --START--
INFO: [ template_filter ] --START--
INFO: Run Behavior\ContentReplaceBehavior [ RunTime:0.000000s ]
INFO: [ template_filter ] --END-- [ RunTime:0.000000s ]
NOTIC: [8] Use of undefined constant HTTP_HOST - assumed 'HTTP_HOST' E:\wamp\www\weixin\Application\Cache\Runtime\admin\Cache\Home\193d4c108a94ae3328009971a33392e2.php 第 65 行.
INFO: Run Behavior\ParseTemplateBehavior [ RunTime:0.000000s ]
INFO: [ view_parse ] --END-- [ RunTime:0.000000s ]
INFO: [ view_filter ] --START--
INFO: Run Behavior\WriteHtmlCacheBehavior [ RunTime:0.000000s ]
INFO: [ view_filter ] --END-- [ RunTime:0.015600s ]
INFO: [ app_end ] --START--
INFO: Run Behavior\ShowPageTraceBehavior [ RunTime:0.000000s ]
INFO: [ app_end ] --END-- [ RunTime:0.000000s ]

[ 2016-03-14T17:31:54+08:00 ] 192.168.0.93 /weixin/admin.php/Home/Home.html
INFO: [ app_init ] --START--
INFO: Run Behavior\BuildLiteBehavior [ RunTime:0.000000s ]
INFO: [ app_init ] --END-- [ RunTime:0.000000s ]
INFO: [ app_begin ] --START--
INFO: Run Behavior\ReadHtmlCacheBehavior [ RunTime:0.001000s ]
INFO: [ app_begin ] --END-- [ RunTime:0.002000s ]
SQL: SHOW COLUMNS FROM `zytm_manage_user` [ RunTime:0.0000s ]
SQL: SELECT * FROM `zytm_manage_user` WHERE ( manage_email = '0@qq.com' )  [ RunTime:0.0000s ]
INFO: [ app_end ] --START--
INFO: Run Behavior\ShowPageTraceBehavior [ RunTime:0.000000s ]
INFO: [ app_end ] --END-- [ RunTime:0.000000s ]

[ 2016-03-14T17:31:56+08:00 ] 192.168.0.93 /weixin/admin.php/Home/Home.html
INFO: [ app_init ] --START--
INFO: Run Behavior\BuildLiteBehavior [ RunTime:0.000000s ]
INFO: [ app_init ] --END-- [ RunTime:0.000000s ]
INFO: [ app_begin ] --START--
INFO: Run Behavior\ReadHtmlCacheBehavior [ RunTime:0.000000s ]
INFO: [ app_begin ] --END-- [ RunTime:0.000000s ]
SQL: SHOW COLUMNS FROM `zytm_manage_user` [ RunTime:0.0000s ]
SQL: SELECT * FROM `zytm_manage_user` WHERE ( manage_email = '0@qq.com' )  [ RunTime:0.0000s ]
INFO: [ app_end ] --START--
INFO: Run Behavior\ShowPageTraceBehavior [ RunTime:0.000000s ]
INFO: [ app_end ] --END-- [ RunTime:0.000000s ]

