[ 2016-03-24T17:13:44+08:00 ] ::1 /weixin/admin.php/Home/Goods/AddProduct.xhtml
NOTIC: [2] mkdir(): File exists E:\wamp\www\weixin\ThinkPHP\Library\Think\Build.class.php 第 120 行.
INFO: [ app_init ] --START--
INFO: Run Behavior\BuildLiteBehavior [ RunTime:0.000000s ]
INFO: [ app_init ] --END-- [ RunTime:0.000000s ]
INFO: [ app_begin ] --START--
INFO: Run Behavior\ReadHtmlCacheBehavior [ RunTime:0.000000s ]
INFO: [ app_begin ] --END-- [ RunTime:0.000000s ]
SQL: SHOW COLUMNS FROM `zytm_manage_user` [ RunTime:0.0000s ]
SQL: SELECT * FROM `zytm_manage_user` WHERE ( manage_email = '0@qq.com' )  [ RunTime:0.0000s ]
SQL: SHOW COLUMNS FROM `zytm_product_menu` [ RunTime:0.0000s ]
SQL: SELECT * FROM `zytm_product_menu`  [ RunTime:0.0000s ]
INFO: [ view_parse ] --START--
INFO: [ template_filter ] --START--
INFO: Run Behavior\ContentReplaceBehavior [ RunTime:0.000000s ]
INFO: [ template_filter ] --END-- [ RunTime:0.000000s ]
NOTIC: [8] Undefined variable: main_menu E:\wamp\www\weixin\Application\Cache\Runtime\admin\Cache\Home\e62cd25dcb0c8350b7e06eed586445a3.php 第 40 行.
INFO: Run Behavior\ParseTemplateBehavior [ RunTime:0.046800s ]
INFO: [ view_parse ] --END-- [ RunTime:0.046800s ]
INFO: [ view_filter ] --START--
INFO: Run Behavior\WriteHtmlCacheBehavior [ RunTime:0.000000s ]
INFO: [ view_filter ] --END-- [ RunTime:0.000000s ]
INFO: [ app_end ] --START--
INFO: Run Behavior\ShowPageTraceBehavior [ RunTime:0.000000s ]
INFO: [ app_end ] --END-- [ RunTime:0.000000s ]

[ 2016-03-24T17:16:34+08:00 ] ::1 /weixin/admin.php/Home/Goods/AddProduct.xhtml
INFO: [ app_init ] --START--
INFO: Run Behavior\BuildLiteBehavior [ RunTime:0.000000s ]
INFO: [ app_init ] --END-- [ RunTime:0.000000s ]
INFO: [ app_begin ] --START--
INFO: Run Behavior\ReadHtmlCacheBehavior [ RunTime:0.000000s ]
INFO: [ app_begin ] --END-- [ RunTime:0.000000s ]
SQL: SHOW COLUMNS FROM `zytm_manage_user` [ RunTime:0.0156s ]
SQL: SELECT * FROM `zytm_manage_user` WHERE ( manage_email = '0@qq.com' )  [ RunTime:0.0000s ]
SQL: SHOW COLUMNS FROM `zytm_product_menu` [ RunTime:0.0000s ]
SQL: SELECT * FROM `zytm_product_menu`  [ RunTime:0.0000s ]
INFO: [ view_parse ] --START--
INFO: [ template_filter ] --START--
INFO: Run Behavior\ContentReplaceBehavior [ RunTime:0.000000s ]
INFO: [ template_filter ] --END-- [ RunTime:0.015600s ]
NOTIC: [8] Undefined variable: main_menu E:\wamp\www\weixin\Application\Cache\Runtime\admin\Cache\Home\e62cd25dcb0c8350b7e06eed586445a3.php 第 40 行.
INFO: Run Behavior\ParseTemplateBehavior [ RunTime:0.031200s ]
INFO: [ view_parse ] --END-- [ RunTime:0.031200s ]
INFO: [ view_filter ] --START--
INFO: Run Behavior\WriteHtmlCacheBehavior [ RunTime:0.000000s ]
INFO: [ view_filter ] --END-- [ RunTime:0.000000s ]
INFO: [ app_end ] --START--
INFO: Run Behavior\ShowPageTraceBehavior [ RunTime:0.000000s ]
INFO: [ app_end ] --END-- [ RunTime:0.000000s ]

[ 2016-03-24T17:18:37+08:00 ] ::1 /weixin/admin.php/Home/Goods/AddProduct.xhtml
INFO: [ app_init ] --START--
INFO: Run Behavior\BuildLiteBehavior [ RunTime:0.000000s ]
INFO: [ app_init ] --END-- [ RunTime:0.000000s ]
INFO: [ app_begin ] --START--
INFO: Run Behavior\ReadHtmlCacheBehavior [ RunTime:0.001000s ]
INFO: [ app_begin ] --END-- [ RunTime:0.001000s ]
SQL: SHOW COLUMNS FROM `zytm_manage_user` [ RunTime:0.0040s ]
SQL: SELECT * FROM `zytm_manage_user` WHERE ( manage_email = '0@qq.com' )  [ RunTime:0.0010s ]
SQL: SHOW COLUMNS FROM `zytm_product_menu` [ RunTime:0.0030s ]
SQL: SELECT * FROM `zytm_product_menu`  [ RunTime:0.0000s ]
INFO: [ view_parse ] --START--
INFO: [ template_filter ] --START--
INFO: Run Behavior\ContentReplaceBehavior [ RunTime:0.000000s ]
INFO: [ template_filter ] --END-- [ RunTime:0.000000s ]
NOTIC: [8] Undefined variable: main_menu E:\wamp\www\weixin\Application\Cache\Runtime\admin\Cache\Home\e62cd25dcb0c8350b7e06eed586445a3.php 第 40 行.
INFO: Run Behavior\ParseTemplateBehavior [ RunTime:0.031001s ]
INFO: [ view_parse ] --END-- [ RunTime:0.032001s ]
INFO: [ view_filter ] --START--
INFO: Run Behavior\WriteHtmlCacheBehavior [ RunTime:0.001000s ]
INFO: [ view_filter ] --END-- [ RunTime:0.001000s ]
INFO: [ app_end ] --START--
INFO: Run Behavior\ShowPageTraceBehavior [ RunTime:0.001000s ]
INFO: [ app_end ] --END-- [ RunTime:0.001000s ]

[ 2016-03-24T17:33:11+08:00 ] ::1 /weixin/admin.php/Home/Goods/AddProduct.xhtml
INFO: [ app_init ] --START--
INFO: Run Behavior\BuildLiteBehavior [ RunTime:0.000000s ]
INFO: [ app_init ] --END-- [ RunTime:0.000000s ]
INFO: [ app_begin ] --START--
INFO: Run Behavior\ReadHtmlCacheBehavior [ RunTime:0.000000s ]
INFO: [ app_begin ] --END-- [ RunTime:0.000000s ]
SQL: SHOW COLUMNS FROM `zytm_manage_user` [ RunTime:0.0000s ]
SQL: SELECT * FROM `zytm_manage_user` WHERE ( manage_email = '0@qq.com' )  [ RunTime:0.0000s ]
SQL: SHOW COLUMNS FROM `zytm_product_menu` [ RunTime:0.0000s ]
SQL: SELECT * FROM `zytm_product_menu`  [ RunTime:0.0000s ]
INFO: [ view_parse ] --START--
INFO: [ template_filter ] --START--
INFO: Run Behavior\ContentReplaceBehavior [ RunTime:0.000000s ]
INFO: [ template_filter ] --END-- [ RunTime:0.000000s ]
NOTIC: [8] Undefined variable: main_menu E:\wamp\www\weixin\Application\Cache\Runtime\admin\Cache\Home\e62cd25dcb0c8350b7e06eed586445a3.php 第 40 行.
INFO: Run Behavior\ParseTemplateBehavior [ RunTime:0.031200s ]
INFO: [ view_parse ] --END-- [ RunTime:0.031200s ]
INFO: [ view_filter ] --START--
INFO: Run Behavior\WriteHtmlCacheBehavior [ RunTime:0.000000s ]
INFO: [ view_filter ] --END-- [ RunTime:0.000000s ]
INFO: [ app_end ] --START--
INFO: Run Behavior\ShowPageTraceBehavior [ RunTime:0.000000s ]
INFO: [ app_end ] --END-- [ RunTime:0.000000s ]

[ 2016-03-24T17:35:32+08:00 ] ::1 /weixin/admin.php/Home/Goods/AddProduct.xhtml
INFO: [ app_init ] --START--
INFO: Run Behavior\BuildLiteBehavior [ RunTime:0.000000s ]
INFO: [ app_init ] --END-- [ RunTime:0.000000s ]
INFO: [ app_begin ] --START--
INFO: Run Behavior\ReadHtmlCacheBehavior [ RunTime:0.000000s ]
INFO: [ app_begin ] --END-- [ RunTime:0.000000s ]
SQL: SHOW COLUMNS FROM `zytm_manage_user` [ RunTime:0.0000s ]
SQL: SELECT * FROM `zytm_manage_user` WHERE ( manage_email = '0@qq.com' )  [ RunTime:0.0000s ]
SQL: SHOW COLUMNS FROM `zytm_product_menu` [ RunTime:0.0000s ]
SQL: SELECT * FROM `zytm_product_menu`  [ RunTime:0.0000s ]
INFO: [ view_parse ] --START--
INFO: [ template_filter ] --START--
INFO: Run Behavior\ContentReplaceBehavior [ RunTime:0.000000s ]
INFO: [ template_filter ] --END-- [ RunTime:0.000000s ]
NOTIC: [8] Undefined variable: main_menu E:\wamp\www\weixin\Application\Cache\Runtime\admin\Cache\Home\e62cd25dcb0c8350b7e06eed586445a3.php 第 40 行.
INFO: Run Behavior\ParseTemplateBehavior [ RunTime:0.031200s ]
INFO: [ view_parse ] --END-- [ RunTime:0.031200s ]
INFO: [ view_filter ] --START--
INFO: Run Behavior\WriteHtmlCacheBehavior [ RunTime:0.000000s ]
INFO: [ view_filter ] --END-- [ RunTime:0.000000s ]
INFO: [ app_end ] --START--
INFO: Run Behavior\ShowPageTraceBehavior [ RunTime:0.000000s ]
INFO: [ app_end ] --END-- [ RunTime:0.000000s ]

[ 2016-03-24T17:35:56+08:00 ] ::1 /weixin/admin.php/Home/Goods/AddProduct.xhtml
INFO: [ app_init ] --START--
INFO: Run Behavior\BuildLiteBehavior [ RunTime:0.000000s ]
INFO: [ app_init ] --END-- [ RunTime:0.000000s ]
INFO: [ app_begin ] --START--
INFO: Run Behavior\ReadHtmlCacheBehavior [ RunTime:0.000000s ]
INFO: [ app_begin ] --END-- [ RunTime:0.000000s ]
SQL: SHOW COLUMNS FROM `zytm_manage_user` [ RunTime:0.0000s ]
SQL: SELECT * FROM `zytm_manage_user` WHERE ( manage_email = '0@qq.com' )  [ RunTime:0.0000s ]
SQL: SHOW COLUMNS FROM `zytm_product_menu` [ RunTime:0.0156s ]
SQL: SELECT * FROM `zytm_product_menu`  [ RunTime:0.0000s ]
INFO: [ view_parse ] --START--
INFO: [ template_filter ] --START--
INFO: Run Behavior\ContentReplaceBehavior [ RunTime:0.000000s ]
INFO: [ template_filter ] --END-- [ RunTime:0.000000s ]
NOTIC: [8] Undefined variable: main_menu E:\wamp\www\weixin\Application\Cache\Runtime\admin\Cache\Home\e62cd25dcb0c8350b7e06eed586445a3.php 第 40 行.
INFO: Run Behavior\ParseTemplateBehavior [ RunTime:0.031200s ]
INFO: [ view_parse ] --END-- [ RunTime:0.031200s ]
INFO: [ view_filter ] --START--
INFO: Run Behavior\WriteHtmlCacheBehavior [ RunTime:0.000000s ]
INFO: [ view_filter ] --END-- [ RunTime:0.000000s ]
INFO: [ app_end ] --START--
INFO: Run Behavior\ShowPageTraceBehavior [ RunTime:0.000000s ]
INFO: [ app_end ] --END-- [ RunTime:0.000000s ]

[ 2016-03-24T17:36:38+08:00 ] ::1 /weixin/admin.php/Home/Goods/AddProduct.xhtml
INFO: [ app_init ] --START--
INFO: Run Behavior\BuildLiteBehavior [ RunTime:0.000000s ]
INFO: [ app_init ] --END-- [ RunTime:0.000000s ]
INFO: [ app_begin ] --START--
INFO: Run Behavior\ReadHtmlCacheBehavior [ RunTime:0.000000s ]
INFO: [ app_begin ] --END-- [ RunTime:0.000000s ]
SQL: SHOW COLUMNS FROM `zytm_manage_user` [ RunTime:0.0000s ]
SQL: SELECT * FROM `zytm_manage_user` WHERE ( manage_email = '0@qq.com' )  [ RunTime:0.0312s ]
SQL: SHOW COLUMNS FROM `zytm_product_menu` [ RunTime:0.0000s ]
SQL: SELECT * FROM `zytm_product_menu`  [ RunTime:0.0000s ]
INFO: [ view_parse ] --START--
INFO: [ template_filter ] --START--
INFO: Run Behavior\ContentReplaceBehavior [ RunTime:0.000000s ]
INFO: [ template_filter ] --END-- [ RunTime:0.000000s ]
NOTIC: [8] Undefined variable: main_menu E:\wamp\www\weixin\Application\Cache\Runtime\admin\Cache\Home\e62cd25dcb0c8350b7e06eed586445a3.php 第 40 行.
INFO: Run Behavior\ParseTemplateBehavior [ RunTime:0.031200s ]
INFO: [ view_parse ] --END-- [ RunTime:0.031200s ]
INFO: [ view_filter ] --START--
INFO: Run Behavior\WriteHtmlCacheBehavior [ RunTime:0.000000s ]
INFO: [ view_filter ] --END-- [ RunTime:0.000000s ]
INFO: [ app_end ] --START--
INFO: Run Behavior\ShowPageTraceBehavior [ RunTime:0.000000s ]
INFO: [ app_end ] --END-- [ RunTime:0.000000s ]

[ 2016-03-24T17:38:44+08:00 ] ::1 /weixin/admin.php/Home/Goods/AddProduct.xhtml
INFO: [ app_init ] --START--
INFO: Run Behavior\BuildLiteBehavior [ RunTime:0.000000s ]
INFO: [ app_init ] --END-- [ RunTime:0.015600s ]
INFO: [ app_begin ] --START--
INFO: Run Behavior\ReadHtmlCacheBehavior [ RunTime:0.000000s ]
INFO: [ app_begin ] --END-- [ RunTime:0.000000s ]
SQL: SHOW COLUMNS FROM `zytm_manage_user` [ RunTime:0.0000s ]
SQL: SELECT * FROM `zytm_manage_user` WHERE ( manage_email = '0@qq.com' )  [ RunTime:0.0000s ]
SQL: SHOW COLUMNS FROM `zytm_product_menu` [ RunTime:0.0000s ]
SQL: SELECT * FROM `zytm_product_menu`  [ RunTime:0.0000s ]
INFO: [ view_parse ] --START--
INFO: [ template_filter ] --START--
INFO: Run Behavior\ContentReplaceBehavior [ RunTime:0.000000s ]
INFO: [ template_filter ] --END-- [ RunTime:0.000000s ]
NOTIC: [8] Undefined variable: main_menu E:\wamp\www\weixin\Application\Cache\Runtime\admin\Cache\Home\e62cd25dcb0c8350b7e06eed586445a3.php 第 40 行.
INFO: Run Behavior\ParseTemplateBehavior [ RunTime:0.031200s ]
INFO: [ view_parse ] --END-- [ RunTime:0.031200s ]
INFO: [ view_filter ] --START--
INFO: Run Behavior\WriteHtmlCacheBehavior [ RunTime:0.000000s ]
INFO: [ view_filter ] --END-- [ RunTime:0.000000s ]
INFO: [ app_end ] --START--
INFO: Run Behavior\ShowPageTraceBehavior [ RunTime:0.000000s ]
INFO: [ app_end ] --END-- [ RunTime:0.000000s ]

[ 2016-03-24T17:39:27+08:00 ] ::1 /weixin/admin.php/Home/Goods/AddProduct.xhtml
INFO: [ app_init ] --START--
INFO: Run Behavior\BuildLiteBehavior [ RunTime:0.001000s ]
INFO: [ app_init ] --END-- [ RunTime:0.001000s ]
INFO: [ app_begin ] --START--
INFO: Run Behavior\ReadHtmlCacheBehavior [ RunTime:0.001000s ]
INFO: [ app_begin ] --END-- [ RunTime:0.001000s ]
SQL: SHOW COLUMNS FROM `zytm_manage_user` [ RunTime:0.0040s ]
SQL: SELECT * FROM `zytm_manage_user` WHERE ( manage_email = '0@qq.com' )  [ RunTime:0.0010s ]
SQL: SHOW COLUMNS FROM `zytm_product_menu` [ RunTime:0.0030s ]
SQL: SELECT * FROM `zytm_product_menu`  [ RunTime:0.0010s ]
INFO: [ view_parse ] --START--
INFO: [ template_filter ] --START--
INFO: Run Behavior\ContentReplaceBehavior [ RunTime:0.000000s ]
INFO: [ template_filter ] --END-- [ RunTime:0.000000s ]
NOTIC: [8] Undefined variable: main_menu E:\wamp\www\weixin\Application\Cache\Runtime\admin\Cache\Home\e62cd25dcb0c8350b7e06eed586445a3.php 第 40 行.
INFO: Run Behavior\ParseTemplateBehavior [ RunTime:0.029002s ]
INFO: [ view_parse ] --END-- [ RunTime:0.029002s ]
INFO: [ view_filter ] --START--
INFO: Run Behavior\WriteHtmlCacheBehavior [ RunTime:0.000000s ]
INFO: [ view_filter ] --END-- [ RunTime:0.000000s ]
INFO: [ app_end ] --START--
INFO: Run Behavior\ShowPageTraceBehavior [ RunTime:0.001000s ]
INFO: [ app_end ] --END-- [ RunTime:0.001000s ]

[ 2016-03-24T17:39:46+08:00 ] ::1 /weixin/admin.php/Home/Goods/AddProduct.xhtml
INFO: [ app_init ] --START--
INFO: Run Behavior\BuildLiteBehavior [ RunTime:0.000000s ]
INFO: [ app_init ] --END-- [ RunTime:0.001000s ]
INFO: [ app_begin ] --START--
INFO: Run Behavior\ReadHtmlCacheBehavior [ RunTime:0.002000s ]
INFO: [ app_begin ] --END-- [ RunTime:0.002000s ]
SQL: SHOW COLUMNS FROM `zytm_manage_user` [ RunTime:0.0030s ]
SQL: SELECT * FROM `zytm_manage_user` WHERE ( manage_email = '0@qq.com' )  [ RunTime:0.0000s ]
SQL: SHOW COLUMNS FROM `zytm_product_menu` [ RunTime:0.0040s ]
SQL: SELECT * FROM `zytm_product_menu`  [ RunTime:0.0010s ]
INFO: [ view_parse ] --START--
INFO: [ template_filter ] --START--
INFO: Run Behavior\ContentReplaceBehavior [ RunTime:0.000000s ]
INFO: [ template_filter ] --END-- [ RunTime:0.001000s ]
NOTIC: [8] Undefined variable: main_menu E:\wamp\www\weixin\Application\Cache\Runtime\admin\Cache\Home\e62cd25dcb0c8350b7e06eed586445a3.php 第 40 行.
INFO: Run Behavior\ParseTemplateBehavior [ RunTime:0.028001s ]
INFO: [ view_parse ] --END-- [ RunTime:0.028001s ]
INFO: [ view_filter ] --START--
INFO: Run Behavior\WriteHtmlCacheBehavior [ RunTime:0.001000s ]
INFO: [ view_filter ] --END-- [ RunTime:0.001000s ]
INFO: [ app_end ] --START--
INFO: Run Behavior\ShowPageTraceBehavior [ RunTime:0.001000s ]
INFO: [ app_end ] --END-- [ RunTime:0.001000s ]

[ 2016-03-24T17:40:00+08:00 ] ::1 /weixin/admin.php/Home/Goods/AddProduct.xhtml
INFO: [ app_init ] --START--
INFO: Run Behavior\BuildLiteBehavior [ RunTime:0.000000s ]
INFO: [ app_init ] --END-- [ RunTime:0.000000s ]
INFO: [ app_begin ] --START--
INFO: Run Behavior\ReadHtmlCacheBehavior [ RunTime:0.001000s ]
INFO: [ app_begin ] --END-- [ RunTime:0.001000s ]
SQL: SHOW COLUMNS FROM `zytm_manage_user` [ RunTime:0.0150s ]
SQL: SELECT * FROM `zytm_manage_user` WHERE ( manage_email = '0@qq.com' )  [ RunTime:0.0010s ]
SQL: SHOW COLUMNS FROM `zytm_product_menu` [ RunTime:0.0030s ]
SQL: SELECT * FROM `zytm_product_menu`  [ RunTime:0.0000s ]
INFO: [ view_parse ] --START--
INFO: [ template_filter ] --START--
INFO: Run Behavior\ContentReplaceBehavior [ RunTime:0.000000s ]
INFO: [ template_filter ] --END-- [ RunTime:0.000000s ]
NOTIC: [8] Undefined variable: main_menu E:\wamp\www\weixin\Application\Cache\Runtime\admin\Cache\Home\e62cd25dcb0c8350b7e06eed586445a3.php 第 40 行.
INFO: Run Behavior\ParseTemplateBehavior [ RunTime:0.038002s ]
INFO: [ view_parse ] --END-- [ RunTime:0.038002s ]
INFO: [ view_filter ] --START--
INFO: Run Behavior\WriteHtmlCacheBehavior [ RunTime:0.001000s ]
INFO: [ view_filter ] --END-- [ RunTime:0.001000s ]
INFO: [ app_end ] --START--
INFO: Run Behavior\ShowPageTraceBehavior [ RunTime:0.001000s ]
INFO: [ app_end ] --END-- [ RunTime:0.001000s ]

[ 2016-03-24T17:40:36+08:00 ] ::1 /weixin/admin.php/Home/Goods/AddProduct.xhtml
INFO: [ app_init ] --START--
INFO: Run Behavior\BuildLiteBehavior [ RunTime:0.000000s ]
INFO: [ app_init ] --END-- [ RunTime:0.000000s ]
INFO: [ app_begin ] --START--
INFO: Run Behavior\ReadHtmlCacheBehavior [ RunTime:0.000000s ]
INFO: [ app_begin ] --END-- [ RunTime:0.000000s ]
SQL: SHOW COLUMNS FROM `zytm_manage_user` [ RunTime:0.0000s ]
SQL: SELECT * FROM `zytm_manage_user` WHERE ( manage_email = '0@qq.com' )  [ RunTime:0.0000s ]
SQL: SHOW COLUMNS FROM `zytm_product_menu` [ RunTime:0.0000s ]
SQL: SELECT * FROM `zytm_product_menu`  [ RunTime:0.0000s ]
INFO: [ view_parse ] --START--
INFO: [ template_filter ] --START--
INFO: Run Behavior\ContentReplaceBehavior [ RunTime:0.000000s ]
INFO: [ template_filter ] --END-- [ RunTime:0.000000s ]
NOTIC: [8] Undefined variable: main_menu E:\wamp\www\weixin\Application\Cache\Runtime\admin\Cache\Home\e62cd25dcb0c8350b7e06eed586445a3.php 第 40 行.
INFO: Run Behavior\ParseTemplateBehavior [ RunTime:0.031200s ]
INFO: [ view_parse ] --END-- [ RunTime:0.031200s ]
INFO: [ view_filter ] --START--
INFO: Run Behavior\WriteHtmlCacheBehavior [ RunTime:0.000000s ]
INFO: [ view_filter ] --END-- [ RunTime:0.000000s ]
INFO: [ app_end ] --START--
INFO: Run Behavior\ShowPageTraceBehavior [ RunTime:0.000000s ]
INFO: [ app_end ] --END-- [ RunTime:0.000000s ]

[ 2016-03-24T17:40:52+08:00 ] ::1 /weixin/admin.php/Home/Goods/AddProduct.xhtml
INFO: [ app_init ] --START--
INFO: Run Behavior\BuildLiteBehavior [ RunTime:0.000000s ]
INFO: [ app_init ] --END-- [ RunTime:0.000000s ]
INFO: [ app_begin ] --START--
INFO: Run Behavior\ReadHtmlCacheBehavior [ RunTime:0.000000s ]
INFO: [ app_begin ] --END-- [ RunTime:0.000000s ]
SQL: SHOW COLUMNS FROM `zytm_manage_user` [ RunTime:0.0000s ]
SQL: SELECT * FROM `zytm_manage_user` WHERE ( manage_email = '0@qq.com' )  [ RunTime:0.0000s ]
SQL: SHOW COLUMNS FROM `zytm_product_menu` [ RunTime:0.0156s ]
SQL: SELECT * FROM `zytm_product_menu`  [ RunTime:0.0000s ]
INFO: [ view_parse ] --START--
INFO: [ template_filter ] --START--
INFO: Run Behavior\ContentReplaceBehavior [ RunTime:0.000000s ]
INFO: [ template_filter ] --END-- [ RunTime:0.000000s ]
NOTIC: [8] Undefined variable: main_menu E:\wamp\www\weixin\Application\Cache\Runtime\admin\Cache\Home\e62cd25dcb0c8350b7e06eed586445a3.php 第 40 行.
INFO: Run Behavior\ParseTemplateBehavior [ RunTime:0.031200s ]
INFO: [ view_parse ] --END-- [ RunTime:0.031200s ]
INFO: [ view_filter ] --START--
INFO: Run Behavior\WriteHtmlCacheBehavior [ RunTime:0.000000s ]
INFO: [ view_filter ] --END-- [ RunTime:0.000000s ]
INFO: [ app_end ] --START--
INFO: Run Behavior\ShowPageTraceBehavior [ RunTime:0.000000s ]
INFO: [ app_end ] --END-- [ RunTime:0.000000s ]

